CRITICAL - 2020-12-06 07:07:22 --> Call to undefined method CodeIgniter\View\View::extends()
#0 C:\Users\hp\Desktop\ci4\belajar\vendor\codeigniter4\framework\system\View\View.php(246): include()
#1 C:\Users\hp\Desktop\ci4\belajar\vendor\codeigniter4\framework\system\Common.php(1119): CodeIgniter\View\View->render('auth/login', Array, true)
#2 C:\Users\hp\Desktop\ci4\belajar\app\Controllers\Home.php(7): view('auth/login')
#3 C:\Users\hp\Desktop\ci4\belajar\vendor\codeigniter4\framework\system\CodeIgniter.php(918): App\Controllers\Home->index()
#4 C:\Users\hp\Desktop\ci4\belajar\vendor\codeigniter4\framework\system\CodeIgniter.php(404): CodeIgniter\CodeIgniter->runController(Object(App\Controllers\Home))
#5 C:\Users\hp\Desktop\ci4\belajar\vendor\codeigniter4\framework\system\CodeIgniter.php(312): CodeIgniter\CodeIgniter->handleRequest(NULL, Object(Config\Cache), false)
#6 C:\Users\hp\Desktop\ci4\belajar\public\index.php(45): CodeIgniter\CodeIgniter->run()
#7 C:\Users\hp\Desktop\ci4\belajar\vendor\codeigniter4\framework\system\Commands\Server\rewrite.php(34): require_once('C:\\Users\\hp\\Des...')
#8 {main}
CRITICAL - 2020-12-06 07:22:23 --> Call to undefined method CodeIgniter\View\View::extends()
#0 C:\Users\hp\Desktop\ci4\belajar\vendor\codeigniter4\framework\system\View\View.php(246): include()
#1 C:\Users\hp\Desktop\ci4\belajar\vendor\codeigniter4\framework\system\Common.php(1119): CodeIgniter\View\View->render('auth/login', Array, true)
#2 C:\Users\hp\Desktop\ci4\belajar\app\Controllers\Home.php(7): view('auth/login')
#3 C:\Users\hp\Desktop\ci4\belajar\vendor\codeigniter4\framework\system\CodeIgniter.php(918): App\Controllers\Home->index()
#4 C:\Users\hp\Desktop\ci4\belajar\vendor\codeigniter4\framework\system\CodeIgniter.php(404): CodeIgniter\CodeIgniter->runController(Object(App\Controllers\Home))
#5 C:\Users\hp\Desktop\ci4\belajar\vendor\codeigniter4\framework\system\CodeIgniter.php(312): CodeIgniter\CodeIgniter->handleRequest(NULL, Object(Config\Cache), false)
#6 C:\Users\hp\Desktop\ci4\belajar\public\index.php(45): CodeIgniter\CodeIgniter->run()
#7 C:\Users\hp\Desktop\ci4\belajar\vendor\codeigniter4\framework\system\Commands\Server\rewrite.php(34): require_once('C:\\Users\\hp\\Des...')
#8 {main}
CRITICAL - 2020-12-06 07:22:25 --> Call to undefined method CodeIgniter\View\View::extends()
#0 C:\Users\hp\Desktop\ci4\belajar\vendor\codeigniter4\framework\system\View\View.php(246): include()
#1 C:\Users\hp\Desktop\ci4\belajar\vendor\codeigniter4\framework\system\Common.php(1119): CodeIgniter\View\View->render('auth/login', Array, true)
#2 C:\Users\hp\Desktop\ci4\belajar\app\Controllers\Home.php(7): view('auth/login')
#3 C:\Users\hp\Desktop\ci4\belajar\vendor\codeigniter4\framework\system\CodeIgniter.php(918): App\Controllers\Home->index()
#4 C:\Users\hp\Desktop\ci4\belajar\vendor\codeigniter4\framework\system\CodeIgniter.php(404): CodeIgniter\CodeIgniter->runController(Object(App\Controllers\Home))
#5 C:\Users\hp\Desktop\ci4\belajar\vendor\codeigniter4\framework\system\CodeIgniter.php(312): CodeIgniter\CodeIgniter->handleRequest(NULL, Object(Config\Cache), false)
#6 C:\Users\hp\Desktop\ci4\belajar\public\index.php(45): CodeIgniter\CodeIgniter->run()
#7 C:\Users\hp\Desktop\ci4\belajar\vendor\codeigniter4\framework\system\Commands\Server\rewrite.php(34): require_once('C:\\Users\\hp\\Des...')
#8 {main}
