CRITICAL - 2020-12-30 00:15:17 --> Call to undefined method App\Models\JbarangModel::outer
#0 C:\xampp\htdocs\belajar\app\Controllers\User.php(130): CodeIgniter\Model->__call('outer', Array)
#1 C:\xampp\htdocs\belajar\vendor\codeigniter4\framework\system\CodeIgniter.php(918): App\Controllers\User->outer()
#2 C:\xampp\htdocs\belajar\vendor\codeigniter4\framework\system\CodeIgniter.php(404): CodeIgniter\CodeIgniter->runController(Object(App\Controllers\User))
#3 C:\xampp\htdocs\belajar\vendor\codeigniter4\framework\system\CodeIgniter.php(312): CodeIgniter\CodeIgniter->handleRequest(NULL, Object(Config\Cache), false)
#4 C:\xampp\htdocs\belajar\public\index.php(45): CodeIgniter\CodeIgniter->run()
#5 C:\xampp\htdocs\belajar\vendor\codeigniter4\framework\system\Commands\Server\rewrite.php(34): require_once('C:\\xampp\\htdocs...')
#6 {main}
CRITICAL - 2020-12-30 09:47:41 --> Unable to connect to the database.
#0 C:\Users\hp\Desktop\belajar\vendor\codeigniter4\framework\system\Database\BaseConnection.php(646): CodeIgniter\Database\BaseConnection->initialize()
#1 C:\Users\hp\Desktop\belajar\vendor\codeigniter4\framework\system\Database\BaseBuilder.php(1860): CodeIgniter\Database\BaseConnection->query('SELECT *\nFROM `...', Array, false)
#2 C:\Users\hp\Desktop\belajar\vendor\codeigniter4\framework\system\Model.php(462): CodeIgniter\Database\BaseBuilder->get()
#3 C:\Users\hp\Desktop\belajar\app\Controllers\User.php(22): CodeIgniter\Model->findAll()
#4 C:\Users\hp\Desktop\belajar\vendor\codeigniter4\framework\system\CodeIgniter.php(918): App\Controllers\User->index()
#5 C:\Users\hp\Desktop\belajar\vendor\codeigniter4\framework\system\CodeIgniter.php(404): CodeIgniter\CodeIgniter->runController(Object(App\Controllers\User))
#6 C:\Users\hp\Desktop\belajar\vendor\codeigniter4\framework\system\CodeIgniter.php(312): CodeIgniter\CodeIgniter->handleRequest(NULL, Object(Config\Cache), false)
#7 C:\Users\hp\Desktop\belajar\public\index.php(45): CodeIgniter\CodeIgniter->run()
#8 C:\Users\hp\Desktop\belajar\vendor\codeigniter4\framework\system\Commands\Server\rewrite.php(34): require_once('C:\\Users\\hp\\Des...')
#9 {main}
CRITICAL - 2020-12-30 10:01:57 --> Undefined variable: config
#0 C:\Users\hp\Desktop\belajar\app\Views\auth\login.php(22): CodeIgniter\Debug\Exceptions->errorHandler(8, 'Undefined varia...', 'C:\\Users\\hp\\Des...', 22, Array)
#1 C:\Users\hp\Desktop\belajar\vendor\codeigniter4\framework\system\View\View.php(246): include('C:\\Users\\hp\\Des...')
#2 C:\Users\hp\Desktop\belajar\vendor\codeigniter4\framework\system\Common.php(1119): CodeIgniter\View\View->render('auth/login', Array, true)
#3 C:\Users\hp\Desktop\belajar\app\Controllers\Home.php(7): view('auth/login')
#4 C:\Users\hp\Desktop\belajar\vendor\codeigniter4\framework\system\CodeIgniter.php(918): App\Controllers\Home->index()
#5 C:\Users\hp\Desktop\belajar\vendor\codeigniter4\framework\system\CodeIgniter.php(404): CodeIgniter\CodeIgniter->runController(Object(App\Controllers\Home))
#6 C:\Users\hp\Desktop\belajar\vendor\codeigniter4\framework\system\CodeIgniter.php(312): CodeIgniter\CodeIgniter->handleRequest(NULL, Object(Config\Cache), false)
#7 C:\Users\hp\Desktop\belajar\public\index.php(45): CodeIgniter\CodeIgniter->run()
#8 C:\Users\hp\Desktop\belajar\vendor\codeigniter4\framework\system\Commands\Server\rewrite.php(34): require_once('C:\\Users\\hp\\Des...')
#9 {main}
CRITICAL - 2020-12-30 10:02:16 --> Undefined variable: config
#0 C:\Users\hp\Desktop\belajar\app\Views\auth\login.php(22): CodeIgniter\Debug\Exceptions->errorHandler(8, 'Undefined varia...', 'C:\\Users\\hp\\Des...', 22, Array)
#1 C:\Users\hp\Desktop\belajar\vendor\codeigniter4\framework\system\View\View.php(246): include('C:\\Users\\hp\\Des...')
#2 C:\Users\hp\Desktop\belajar\vendor\codeigniter4\framework\system\Common.php(1119): CodeIgniter\View\View->render('auth/login', Array, true)
#3 C:\Users\hp\Desktop\belajar\app\Controllers\Home.php(7): view('auth/login')
#4 C:\Users\hp\Desktop\belajar\vendor\codeigniter4\framework\system\CodeIgniter.php(918): App\Controllers\Home->index()
#5 C:\Users\hp\Desktop\belajar\vendor\codeigniter4\framework\system\CodeIgniter.php(404): CodeIgniter\CodeIgniter->runController(Object(App\Controllers\Home))
#6 C:\Users\hp\Desktop\belajar\vendor\codeigniter4\framework\system\CodeIgniter.php(312): CodeIgniter\CodeIgniter->handleRequest(NULL, Object(Config\Cache), false)
#7 C:\Users\hp\Desktop\belajar\public\index.php(45): CodeIgniter\CodeIgniter->run()
#8 C:\Users\hp\Desktop\belajar\vendor\codeigniter4\framework\system\Commands\Server\rewrite.php(34): require_once('C:\\Users\\hp\\Des...')
#9 {main}
CRITICAL - 2020-12-30 21:49:27 --> Undefined variable: config
#0 C:\Users\hp\Desktop\belajar\app\Views\auth\login.php(22): CodeIgniter\Debug\Exceptions->errorHandler(8, 'Undefined varia...', 'C:\\Users\\hp\\Des...', 22, Array)
#1 C:\Users\hp\Desktop\belajar\vendor\codeigniter4\framework\system\View\View.php(246): include('C:\\Users\\hp\\Des...')
#2 C:\Users\hp\Desktop\belajar\vendor\codeigniter4\framework\system\Common.php(1119): CodeIgniter\View\View->render('auth/login', Array, true)
#3 C:\Users\hp\Desktop\belajar\app\Controllers\Home.php(7): view('auth/login')
#4 C:\Users\hp\Desktop\belajar\vendor\codeigniter4\framework\system\CodeIgniter.php(918): App\Controllers\Home->index()
#5 C:\Users\hp\Desktop\belajar\vendor\codeigniter4\framework\system\CodeIgniter.php(404): CodeIgniter\CodeIgniter->runController(Object(App\Controllers\Home))
#6 C:\Users\hp\Desktop\belajar\vendor\codeigniter4\framework\system\CodeIgniter.php(312): CodeIgniter\CodeIgniter->handleRequest(NULL, Object(Config\Cache), false)
#7 C:\Users\hp\Desktop\belajar\public\index.php(45): CodeIgniter\CodeIgniter->run()
#8 C:\Users\hp\Desktop\belajar\vendor\codeigniter4\framework\system\Commands\Server\rewrite.php(34): require_once('C:\\Users\\hp\\Des...')
#9 {main}
CRITICAL - 2020-12-30 21:49:50 --> Undefined variable: config
#0 C:\Users\hp\Desktop\belajar\app\Views\auth\login.php(22): CodeIgniter\Debug\Exceptions->errorHandler(8, 'Undefined varia...', 'C:\\Users\\hp\\Des...', 22, Array)
#1 C:\Users\hp\Desktop\belajar\vendor\codeigniter4\framework\system\View\View.php(246): include('C:\\Users\\hp\\Des...')
#2 C:\Users\hp\Desktop\belajar\vendor\codeigniter4\framework\system\Common.php(1119): CodeIgniter\View\View->render('auth/login', Array, true)
#3 C:\Users\hp\Desktop\belajar\app\Controllers\Home.php(7): view('auth/login')
#4 C:\Users\hp\Desktop\belajar\vendor\codeigniter4\framework\system\CodeIgniter.php(918): App\Controllers\Home->index()
#5 C:\Users\hp\Desktop\belajar\vendor\codeigniter4\framework\system\CodeIgniter.php(404): CodeIgniter\CodeIgniter->runController(Object(App\Controllers\Home))
#6 C:\Users\hp\Desktop\belajar\vendor\codeigniter4\framework\system\CodeIgniter.php(312): CodeIgniter\CodeIgniter->handleRequest(NULL, Object(Config\Cache), false)
#7 C:\Users\hp\Desktop\belajar\public\index.php(45): CodeIgniter\CodeIgniter->run()
#8 C:\Users\hp\Desktop\belajar\vendor\codeigniter4\framework\system\Commands\Server\rewrite.php(34): require_once('C:\\Users\\hp\\Des...')
#9 {main}
CRITICAL - 2020-12-30 21:50:10 --> Undefined variable: config
#0 C:\Users\hp\Desktop\belajar\app\Views\auth\login.php(22): CodeIgniter\Debug\Exceptions->errorHandler(8, 'Undefined varia...', 'C:\\Users\\hp\\Des...', 22, Array)
#1 C:\Users\hp\Desktop\belajar\vendor\codeigniter4\framework\system\View\View.php(246): include('C:\\Users\\hp\\Des...')
#2 C:\Users\hp\Desktop\belajar\vendor\codeigniter4\framework\system\Common.php(1119): CodeIgniter\View\View->render('auth/login', Array, true)
#3 C:\Users\hp\Desktop\belajar\app\Controllers\Home.php(7): view('auth/login')
#4 C:\Users\hp\Desktop\belajar\vendor\codeigniter4\framework\system\CodeIgniter.php(918): App\Controllers\Home->index()
#5 C:\Users\hp\Desktop\belajar\vendor\codeigniter4\framework\system\CodeIgniter.php(404): CodeIgniter\CodeIgniter->runController(Object(App\Controllers\Home))
#6 C:\Users\hp\Desktop\belajar\vendor\codeigniter4\framework\system\CodeIgniter.php(312): CodeIgniter\CodeIgniter->handleRequest(NULL, Object(Config\Cache), false)
#7 C:\Users\hp\Desktop\belajar\public\index.php(45): CodeIgniter\CodeIgniter->run()
#8 C:\Users\hp\Desktop\belajar\vendor\codeigniter4\framework\system\Commands\Server\rewrite.php(34): require_once('C:\\Users\\hp\\Des...')
#9 {main}
CRITICAL - 2020-12-30 21:50:15 --> Undefined variable: config
#0 C:\Users\hp\Desktop\belajar\app\Views\auth\login.php(22): CodeIgniter\Debug\Exceptions->errorHandler(8, 'Undefined varia...', 'C:\\Users\\hp\\Des...', 22, Array)
#1 C:\Users\hp\Desktop\belajar\vendor\codeigniter4\framework\system\View\View.php(246): include('C:\\Users\\hp\\Des...')
#2 C:\Users\hp\Desktop\belajar\vendor\codeigniter4\framework\system\Common.php(1119): CodeIgniter\View\View->render('auth/login', Array, true)
#3 C:\Users\hp\Desktop\belajar\app\Controllers\Home.php(7): view('auth/login')
#4 C:\Users\hp\Desktop\belajar\vendor\codeigniter4\framework\system\CodeIgniter.php(918): App\Controllers\Home->index()
#5 C:\Users\hp\Desktop\belajar\vendor\codeigniter4\framework\system\CodeIgniter.php(404): CodeIgniter\CodeIgniter->runController(Object(App\Controllers\Home))
#6 C:\Users\hp\Desktop\belajar\vendor\codeigniter4\framework\system\CodeIgniter.php(312): CodeIgniter\CodeIgniter->handleRequest(NULL, Object(Config\Cache), false)
#7 C:\Users\hp\Desktop\belajar\public\index.php(45): CodeIgniter\CodeIgniter->run()
#8 C:\Users\hp\Desktop\belajar\vendor\codeigniter4\framework\system\Commands\Server\rewrite.php(34): require_once('C:\\Users\\hp\\Des...')
#9 {main}
CRITICAL - 2020-12-30 21:51:28 --> Undefined variable: config
#0 C:\Users\hp\Desktop\belajar\app\Views\auth\login.php(22): CodeIgniter\Debug\Exceptions->errorHandler(8, 'Undefined varia...', 'C:\\Users\\hp\\Des...', 22, Array)
#1 C:\Users\hp\Desktop\belajar\vendor\codeigniter4\framework\system\View\View.php(246): include('C:\\Users\\hp\\Des...')
#2 C:\Users\hp\Desktop\belajar\vendor\codeigniter4\framework\system\Common.php(1119): CodeIgniter\View\View->render('auth/login', Array, true)
#3 C:\Users\hp\Desktop\belajar\app\Controllers\Home.php(7): view('auth/login')
#4 C:\Users\hp\Desktop\belajar\vendor\codeigniter4\framework\system\CodeIgniter.php(918): App\Controllers\Home->index()
#5 C:\Users\hp\Desktop\belajar\vendor\codeigniter4\framework\system\CodeIgniter.php(404): CodeIgniter\CodeIgniter->runController(Object(App\Controllers\Home))
#6 C:\Users\hp\Desktop\belajar\vendor\codeigniter4\framework\system\CodeIgniter.php(312): CodeIgniter\CodeIgniter->handleRequest(NULL, Object(Config\Cache), false)
#7 C:\Users\hp\Desktop\belajar\public\index.php(45): CodeIgniter\CodeIgniter->run()
#8 C:\Users\hp\Desktop\belajar\vendor\codeigniter4\framework\system\Commands\Server\rewrite.php(34): require_once('C:\\Users\\hp\\Des...')
#9 {main}
CRITICAL - 2020-12-30 21:51:47 --> Undefined variable: config
#0 C:\Users\hp\Desktop\belajar\app\Views\auth\login.php(22): CodeIgniter\Debug\Exceptions->errorHandler(8, 'Undefined varia...', 'C:\\Users\\hp\\Des...', 22, Array)
#1 C:\Users\hp\Desktop\belajar\vendor\codeigniter4\framework\system\View\View.php(246): include('C:\\Users\\hp\\Des...')
#2 C:\Users\hp\Desktop\belajar\vendor\codeigniter4\framework\system\Common.php(1119): CodeIgniter\View\View->render('auth/login', Array, true)
#3 C:\Users\hp\Desktop\belajar\app\Controllers\Home.php(7): view('auth/login')
#4 C:\Users\hp\Desktop\belajar\vendor\codeigniter4\framework\system\CodeIgniter.php(918): App\Controllers\Home->index()
#5 C:\Users\hp\Desktop\belajar\vendor\codeigniter4\framework\system\CodeIgniter.php(404): CodeIgniter\CodeIgniter->runController(Object(App\Controllers\Home))
#6 C:\Users\hp\Desktop\belajar\vendor\codeigniter4\framework\system\CodeIgniter.php(312): CodeIgniter\CodeIgniter->handleRequest(NULL, Object(Config\Cache), false)
#7 C:\Users\hp\Desktop\belajar\public\index.php(45): CodeIgniter\CodeIgniter->run()
#8 C:\Users\hp\Desktop\belajar\vendor\codeigniter4\framework\system\Commands\Server\rewrite.php(34): require_once('C:\\Users\\hp\\Des...')
#9 {main}
CRITICAL - 2020-12-30 21:52:02 --> Undefined variable: config
#0 C:\Users\hp\Desktop\belajar\app\Views\auth\login.php(22): CodeIgniter\Debug\Exceptions->errorHandler(8, 'Undefined varia...', 'C:\\Users\\hp\\Des...', 22, Array)
#1 C:\Users\hp\Desktop\belajar\vendor\codeigniter4\framework\system\View\View.php(246): include('C:\\Users\\hp\\Des...')
#2 C:\Users\hp\Desktop\belajar\vendor\codeigniter4\framework\system\Common.php(1119): CodeIgniter\View\View->render('auth/login', Array, true)
#3 C:\Users\hp\Desktop\belajar\app\Controllers\Home.php(7): view('auth/login')
#4 C:\Users\hp\Desktop\belajar\vendor\codeigniter4\framework\system\CodeIgniter.php(918): App\Controllers\Home->index()
#5 C:\Users\hp\Desktop\belajar\vendor\codeigniter4\framework\system\CodeIgniter.php(404): CodeIgniter\CodeIgniter->runController(Object(App\Controllers\Home))
#6 C:\Users\hp\Desktop\belajar\vendor\codeigniter4\framework\system\CodeIgniter.php(312): CodeIgniter\CodeIgniter->handleRequest(NULL, Object(Config\Cache), false)
#7 C:\Users\hp\Desktop\belajar\public\index.php(45): CodeIgniter\CodeIgniter->run()
#8 C:\Users\hp\Desktop\belajar\vendor\codeigniter4\framework\system\Commands\Server\rewrite.php(34): require_once('C:\\Users\\hp\\Des...')
#9 {main}
CRITICAL - 2020-12-30 21:53:07 --> Undefined variable: config
#0 C:\Users\hp\Desktop\belajar\app\Views\auth\login.php(22): CodeIgniter\Debug\Exceptions->errorHandler(8, 'Undefined varia...', 'C:\\Users\\hp\\Des...', 22, Array)
#1 C:\Users\hp\Desktop\belajar\vendor\codeigniter4\framework\system\View\View.php(246): include('C:\\Users\\hp\\Des...')
#2 C:\Users\hp\Desktop\belajar\vendor\codeigniter4\framework\system\Common.php(1119): CodeIgniter\View\View->render('auth/login', Array, true)
#3 C:\Users\hp\Desktop\belajar\app\Controllers\Home.php(7): view('auth/login')
#4 C:\Users\hp\Desktop\belajar\vendor\codeigniter4\framework\system\CodeIgniter.php(918): App\Controllers\Home->index()
#5 C:\Users\hp\Desktop\belajar\vendor\codeigniter4\framework\system\CodeIgniter.php(404): CodeIgniter\CodeIgniter->runController(Object(App\Controllers\Home))
#6 C:\Users\hp\Desktop\belajar\vendor\codeigniter4\framework\system\CodeIgniter.php(312): CodeIgniter\CodeIgniter->handleRequest(NULL, Object(Config\Cache), false)
#7 C:\Users\hp\Desktop\belajar\public\index.php(45): CodeIgniter\CodeIgniter->run()
#8 C:\Users\hp\Desktop\belajar\vendor\codeigniter4\framework\system\Commands\Server\rewrite.php(34): require_once('C:\\Users\\hp\\Des...')
#9 {main}
CRITICAL - 2020-12-30 22:01:52 --> Undefined variable: config
#0 C:\Users\hp\Desktop\belajar\app\Views\auth\login.php(22): CodeIgniter\Debug\Exceptions->errorHandler(8, 'Undefined varia...', 'C:\\Users\\hp\\Des...', 22, Array)
#1 C:\Users\hp\Desktop\belajar\vendor\codeigniter4\framework\system\View\View.php(246): include('C:\\Users\\hp\\Des...')
#2 C:\Users\hp\Desktop\belajar\vendor\codeigniter4\framework\system\Common.php(1119): CodeIgniter\View\View->render('auth/login', Array, true)
#3 C:\Users\hp\Desktop\belajar\app\Controllers\Home.php(7): view('auth/login')
#4 C:\Users\hp\Desktop\belajar\vendor\codeigniter4\framework\system\CodeIgniter.php(918): App\Controllers\Home->index()
#5 C:\Users\hp\Desktop\belajar\vendor\codeigniter4\framework\system\CodeIgniter.php(404): CodeIgniter\CodeIgniter->runController(Object(App\Controllers\Home))
#6 C:\Users\hp\Desktop\belajar\vendor\codeigniter4\framework\system\CodeIgniter.php(312): CodeIgniter\CodeIgniter->handleRequest(NULL, Object(Config\Cache), false)
#7 C:\Users\hp\Desktop\belajar\public\index.php(45): CodeIgniter\CodeIgniter->run()
#8 C:\Users\hp\Desktop\belajar\vendor\codeigniter4\framework\system\Commands\Server\rewrite.php(34): require_once('C:\\Users\\hp\\Des...')
#9 {main}
CRITICAL - 2020-12-30 22:01:53 --> Undefined variable: config
#0 C:\Users\hp\Desktop\belajar\app\Views\auth\login.php(22): CodeIgniter\Debug\Exceptions->errorHandler(8, 'Undefined varia...', 'C:\\Users\\hp\\Des...', 22, Array)
#1 C:\Users\hp\Desktop\belajar\vendor\codeigniter4\framework\system\View\View.php(246): include('C:\\Users\\hp\\Des...')
#2 C:\Users\hp\Desktop\belajar\vendor\codeigniter4\framework\system\Common.php(1119): CodeIgniter\View\View->render('auth/login', Array, true)
#3 C:\Users\hp\Desktop\belajar\app\Controllers\Home.php(7): view('auth/login')
#4 C:\Users\hp\Desktop\belajar\vendor\codeigniter4\framework\system\CodeIgniter.php(918): App\Controllers\Home->index()
#5 C:\Users\hp\Desktop\belajar\vendor\codeigniter4\framework\system\CodeIgniter.php(404): CodeIgniter\CodeIgniter->runController(Object(App\Controllers\Home))
#6 C:\Users\hp\Desktop\belajar\vendor\codeigniter4\framework\system\CodeIgniter.php(312): CodeIgniter\CodeIgniter->handleRequest(NULL, Object(Config\Cache), false)
#7 C:\Users\hp\Desktop\belajar\public\index.php(45): CodeIgniter\CodeIgniter->run()
#8 C:\Users\hp\Desktop\belajar\vendor\codeigniter4\framework\system\Commands\Server\rewrite.php(34): require_once('C:\\Users\\hp\\Des...')
#9 {main}
CRITICAL - 2020-12-30 22:01:56 --> Undefined variable: config
#0 C:\Users\hp\Desktop\belajar\app\Views\auth\login.php(22): CodeIgniter\Debug\Exceptions->errorHandler(8, 'Undefined varia...', 'C:\\Users\\hp\\Des...', 22, Array)
#1 C:\Users\hp\Desktop\belajar\vendor\codeigniter4\framework\system\View\View.php(246): include('C:\\Users\\hp\\Des...')
#2 C:\Users\hp\Desktop\belajar\vendor\codeigniter4\framework\system\Common.php(1119): CodeIgniter\View\View->render('auth/login', Array, true)
#3 C:\Users\hp\Desktop\belajar\app\Controllers\Home.php(7): view('auth/login')
#4 C:\Users\hp\Desktop\belajar\vendor\codeigniter4\framework\system\CodeIgniter.php(918): App\Controllers\Home->index()
#5 C:\Users\hp\Desktop\belajar\vendor\codeigniter4\framework\system\CodeIgniter.php(404): CodeIgniter\CodeIgniter->runController(Object(App\Controllers\Home))
#6 C:\Users\hp\Desktop\belajar\vendor\codeigniter4\framework\system\CodeIgniter.php(312): CodeIgniter\CodeIgniter->handleRequest(NULL, Object(Config\Cache), false)
#7 C:\Users\hp\Desktop\belajar\public\index.php(45): CodeIgniter\CodeIgniter->run()
#8 C:\Users\hp\Desktop\belajar\vendor\codeigniter4\framework\system\Commands\Server\rewrite.php(34): require_once('C:\\Users\\hp\\Des...')
#9 {main}
CRITICAL - 2020-12-30 22:20:57 --> Undefined variable: config
#0 C:\Users\hp\Desktop\belajar\app\Views\auth\login.php(22): CodeIgniter\Debug\Exceptions->errorHandler(8, 'Undefined varia...', 'C:\\Users\\hp\\Des...', 22, Array)
#1 C:\Users\hp\Desktop\belajar\vendor\codeigniter4\framework\system\View\View.php(246): include('C:\\Users\\hp\\Des...')
#2 C:\Users\hp\Desktop\belajar\vendor\codeigniter4\framework\system\Common.php(1119): CodeIgniter\View\View->render('auth/login', Array, true)
#3 C:\Users\hp\Desktop\belajar\app\Controllers\Home.php(7): view('auth/login')
#4 C:\Users\hp\Desktop\belajar\vendor\codeigniter4\framework\system\CodeIgniter.php(918): App\Controllers\Home->index()
#5 C:\Users\hp\Desktop\belajar\vendor\codeigniter4\framework\system\CodeIgniter.php(404): CodeIgniter\CodeIgniter->runController(Object(App\Controllers\Home))
#6 C:\Users\hp\Desktop\belajar\vendor\codeigniter4\framework\system\CodeIgniter.php(312): CodeIgniter\CodeIgniter->handleRequest(NULL, Object(Config\Cache), false)
#7 C:\Users\hp\Desktop\belajar\public\index.php(45): CodeIgniter\CodeIgniter->run()
#8 C:\Users\hp\Desktop\belajar\vendor\codeigniter4\framework\system\Commands\Server\rewrite.php(34): require_once('C:\\Users\\hp\\Des...')
#9 {main}
CRITICAL - 2020-12-30 22:20:57 --> Undefined variable: config
#0 C:\Users\hp\Desktop\belajar\app\Views\auth\login.php(22): CodeIgniter\Debug\Exceptions->errorHandler(8, 'Undefined varia...', 'C:\\Users\\hp\\Des...', 22, Array)
#1 C:\Users\hp\Desktop\belajar\vendor\codeigniter4\framework\system\View\View.php(246): include('C:\\Users\\hp\\Des...')
#2 C:\Users\hp\Desktop\belajar\vendor\codeigniter4\framework\system\Common.php(1119): CodeIgniter\View\View->render('auth/login', Array, true)
#3 C:\Users\hp\Desktop\belajar\app\Controllers\Home.php(7): view('auth/login')
#4 C:\Users\hp\Desktop\belajar\vendor\codeigniter4\framework\system\CodeIgniter.php(918): App\Controllers\Home->index()
#5 C:\Users\hp\Desktop\belajar\vendor\codeigniter4\framework\system\CodeIgniter.php(404): CodeIgniter\CodeIgniter->runController(Object(App\Controllers\Home))
#6 C:\Users\hp\Desktop\belajar\vendor\codeigniter4\framework\system\CodeIgniter.php(312): CodeIgniter\CodeIgniter->handleRequest(NULL, Object(Config\Cache), false)
#7 C:\Users\hp\Desktop\belajar\public\index.php(45): CodeIgniter\CodeIgniter->run()
#8 C:\Users\hp\Desktop\belajar\vendor\codeigniter4\framework\system\Commands\Server\rewrite.php(34): require_once('C:\\Users\\hp\\Des...')
#9 {main}
CRITICAL - 2020-12-30 22:21:11 --> Undefined variable: config
#0 C:\Users\hp\Desktop\belajar\app\Views\auth\login.php(22): CodeIgniter\Debug\Exceptions->errorHandler(8, 'Undefined varia...', 'C:\\Users\\hp\\Des...', 22, Array)
#1 C:\Users\hp\Desktop\belajar\vendor\codeigniter4\framework\system\View\View.php(246): include('C:\\Users\\hp\\Des...')
#2 C:\Users\hp\Desktop\belajar\vendor\codeigniter4\framework\system\Common.php(1119): CodeIgniter\View\View->render('auth/login', Array, true)
#3 C:\Users\hp\Desktop\belajar\app\Controllers\Home.php(7): view('auth/login')
#4 C:\Users\hp\Desktop\belajar\vendor\codeigniter4\framework\system\CodeIgniter.php(918): App\Controllers\Home->index()
#5 C:\Users\hp\Desktop\belajar\vendor\codeigniter4\framework\system\CodeIgniter.php(404): CodeIgniter\CodeIgniter->runController(Object(App\Controllers\Home))
#6 C:\Users\hp\Desktop\belajar\vendor\codeigniter4\framework\system\CodeIgniter.php(312): CodeIgniter\CodeIgniter->handleRequest(NULL, Object(Config\Cache), false)
#7 C:\Users\hp\Desktop\belajar\public\index.php(45): CodeIgniter\CodeIgniter->run()
#8 C:\Users\hp\Desktop\belajar\vendor\codeigniter4\framework\system\Commands\Server\rewrite.php(34): require_once('C:\\Users\\hp\\Des...')
#9 {main}
CRITICAL - 2020-12-30 22:21:12 --> Undefined variable: config
#0 C:\Users\hp\Desktop\belajar\app\Views\auth\login.php(22): CodeIgniter\Debug\Exceptions->errorHandler(8, 'Undefined varia...', 'C:\\Users\\hp\\Des...', 22, Array)
#1 C:\Users\hp\Desktop\belajar\vendor\codeigniter4\framework\system\View\View.php(246): include('C:\\Users\\hp\\Des...')
#2 C:\Users\hp\Desktop\belajar\vendor\codeigniter4\framework\system\Common.php(1119): CodeIgniter\View\View->render('auth/login', Array, true)
#3 C:\Users\hp\Desktop\belajar\app\Controllers\Home.php(7): view('auth/login')
#4 C:\Users\hp\Desktop\belajar\vendor\codeigniter4\framework\system\CodeIgniter.php(918): App\Controllers\Home->index()
#5 C:\Users\hp\Desktop\belajar\vendor\codeigniter4\framework\system\CodeIgniter.php(404): CodeIgniter\CodeIgniter->runController(Object(App\Controllers\Home))
#6 C:\Users\hp\Desktop\belajar\vendor\codeigniter4\framework\system\CodeIgniter.php(312): CodeIgniter\CodeIgniter->handleRequest(NULL, Object(Config\Cache), false)
#7 C:\Users\hp\Desktop\belajar\public\index.php(45): CodeIgniter\CodeIgniter->run()
#8 C:\Users\hp\Desktop\belajar\vendor\codeigniter4\framework\system\Commands\Server\rewrite.php(34): require_once('C:\\Users\\hp\\Des...')
#9 {main}
CRITICAL - 2020-12-30 22:24:45 --> Undefined variable: config
#0 C:\Users\hp\Desktop\belajar\app\Views\auth\login.php(22): CodeIgniter\Debug\Exceptions->errorHandler(8, 'Undefined varia...', 'C:\\Users\\hp\\Des...', 22, Array)
#1 C:\Users\hp\Desktop\belajar\vendor\codeigniter4\framework\system\View\View.php(246): include('C:\\Users\\hp\\Des...')
#2 C:\Users\hp\Desktop\belajar\vendor\codeigniter4\framework\system\Common.php(1119): CodeIgniter\View\View->render('auth/login', Array, true)
#3 C:\Users\hp\Desktop\belajar\app\Controllers\Home.php(7): view('auth/login')
#4 C:\Users\hp\Desktop\belajar\vendor\codeigniter4\framework\system\CodeIgniter.php(918): App\Controllers\Home->index()
#5 C:\Users\hp\Desktop\belajar\vendor\codeigniter4\framework\system\CodeIgniter.php(404): CodeIgniter\CodeIgniter->runController(Object(App\Controllers\Home))
#6 C:\Users\hp\Desktop\belajar\vendor\codeigniter4\framework\system\CodeIgniter.php(312): CodeIgniter\CodeIgniter->handleRequest(NULL, Object(Config\Cache), false)
#7 C:\Users\hp\Desktop\belajar\public\index.php(45): CodeIgniter\CodeIgniter->run()
#8 C:\Users\hp\Desktop\belajar\vendor\codeigniter4\framework\system\Commands\Server\rewrite.php(34): require_once('C:\\Users\\hp\\Des...')
#9 {main}
CRITICAL - 2020-12-30 22:27:51 --> Undefined variable: config
#0 C:\Users\hp\Desktop\belajar\app\Views\auth\login.php(22): CodeIgniter\Debug\Exceptions->errorHandler(8, 'Undefined varia...', 'C:\\Users\\hp\\Des...', 22, Array)
#1 C:\Users\hp\Desktop\belajar\vendor\codeigniter4\framework\system\View\View.php(246): include('C:\\Users\\hp\\Des...')
#2 C:\Users\hp\Desktop\belajar\vendor\codeigniter4\framework\system\Common.php(1119): CodeIgniter\View\View->render('auth/login', Array, true)
#3 C:\Users\hp\Desktop\belajar\app\Controllers\Home.php(7): view('auth/login')
#4 C:\Users\hp\Desktop\belajar\vendor\codeigniter4\framework\system\CodeIgniter.php(918): App\Controllers\Home->index()
#5 C:\Users\hp\Desktop\belajar\vendor\codeigniter4\framework\system\CodeIgniter.php(404): CodeIgniter\CodeIgniter->runController(Object(App\Controllers\Home))
#6 C:\Users\hp\Desktop\belajar\vendor\codeigniter4\framework\system\CodeIgniter.php(312): CodeIgniter\CodeIgniter->handleRequest(NULL, Object(Config\Cache), false)
#7 C:\Users\hp\Desktop\belajar\public\index.php(45): CodeIgniter\CodeIgniter->run()
#8 C:\Users\hp\Desktop\belajar\vendor\codeigniter4\framework\system\Commands\Server\rewrite.php(34): require_once('C:\\Users\\hp\\Des...')
#9 {main}
CRITICAL - 2020-12-30 22:28:46 --> Undefined variable: config
#0 C:\Users\hp\Desktop\belajar\app\Views\auth\login.php(22): CodeIgniter\Debug\Exceptions->errorHandler(8, 'Undefined varia...', 'C:\\Users\\hp\\Des...', 22, Array)
#1 C:\Users\hp\Desktop\belajar\vendor\codeigniter4\framework\system\View\View.php(246): include('C:\\Users\\hp\\Des...')
#2 C:\Users\hp\Desktop\belajar\vendor\codeigniter4\framework\system\Common.php(1119): CodeIgniter\View\View->render('auth/login', Array, true)
#3 C:\Users\hp\Desktop\belajar\app\Controllers\Home.php(7): view('auth/login')
#4 C:\Users\hp\Desktop\belajar\vendor\codeigniter4\framework\system\CodeIgniter.php(918): App\Controllers\Home->index()
#5 C:\Users\hp\Desktop\belajar\vendor\codeigniter4\framework\system\CodeIgniter.php(404): CodeIgniter\CodeIgniter->runController(Object(App\Controllers\Home))
#6 C:\Users\hp\Desktop\belajar\vendor\codeigniter4\framework\system\CodeIgniter.php(312): CodeIgniter\CodeIgniter->handleRequest(NULL, Object(Config\Cache), false)
#7 C:\Users\hp\Desktop\belajar\public\index.php(45): CodeIgniter\CodeIgniter->run()
#8 C:\Users\hp\Desktop\belajar\vendor\codeigniter4\framework\system\Commands\Server\rewrite.php(34): require_once('C:\\Users\\hp\\Des...')
#9 {main}
CRITICAL - 2020-12-30 22:28:57 --> Undefined variable: config
#0 C:\Users\hp\Desktop\belajar\app\Views\auth\login.php(22): CodeIgniter\Debug\Exceptions->errorHandler(8, 'Undefined varia...', 'C:\\Users\\hp\\Des...', 22, Array)
#1 C:\Users\hp\Desktop\belajar\vendor\codeigniter4\framework\system\View\View.php(246): include('C:\\Users\\hp\\Des...')
#2 C:\Users\hp\Desktop\belajar\vendor\codeigniter4\framework\system\Common.php(1119): CodeIgniter\View\View->render('auth/login', Array, true)
#3 C:\Users\hp\Desktop\belajar\app\Controllers\Home.php(7): view('auth/login')
#4 C:\Users\hp\Desktop\belajar\vendor\codeigniter4\framework\system\CodeIgniter.php(918): App\Controllers\Home->index()
#5 C:\Users\hp\Desktop\belajar\vendor\codeigniter4\framework\system\CodeIgniter.php(404): CodeIgniter\CodeIgniter->runController(Object(App\Controllers\Home))
#6 C:\Users\hp\Desktop\belajar\vendor\codeigniter4\framework\system\CodeIgniter.php(312): CodeIgniter\CodeIgniter->handleRequest(NULL, Object(Config\Cache), false)
#7 C:\Users\hp\Desktop\belajar\public\index.php(45): CodeIgniter\CodeIgniter->run()
#8 C:\Users\hp\Desktop\belajar\vendor\codeigniter4\framework\system\Commands\Server\rewrite.php(34): require_once('C:\\Users\\hp\\Des...')
#9 {main}
CRITICAL - 2020-12-30 22:29:04 --> Undefined variable: config
#0 C:\Users\hp\Desktop\belajar\app\Views\auth\login.php(22): CodeIgniter\Debug\Exceptions->errorHandler(8, 'Undefined varia...', 'C:\\Users\\hp\\Des...', 22, Array)
#1 C:\Users\hp\Desktop\belajar\vendor\codeigniter4\framework\system\View\View.php(246): include('C:\\Users\\hp\\Des...')
#2 C:\Users\hp\Desktop\belajar\vendor\codeigniter4\framework\system\Common.php(1119): CodeIgniter\View\View->render('auth/login', Array, true)
#3 C:\Users\hp\Desktop\belajar\app\Controllers\Home.php(7): view('auth/login')
#4 C:\Users\hp\Desktop\belajar\vendor\codeigniter4\framework\system\CodeIgniter.php(918): App\Controllers\Home->index()
#5 C:\Users\hp\Desktop\belajar\vendor\codeigniter4\framework\system\CodeIgniter.php(404): CodeIgniter\CodeIgniter->runController(Object(App\Controllers\Home))
#6 C:\Users\hp\Desktop\belajar\vendor\codeigniter4\framework\system\CodeIgniter.php(312): CodeIgniter\CodeIgniter->handleRequest(NULL, Object(Config\Cache), false)
#7 C:\Users\hp\Desktop\belajar\public\index.php(45): CodeIgniter\CodeIgniter->run()
#8 C:\Users\hp\Desktop\belajar\vendor\codeigniter4\framework\system\Commands\Server\rewrite.php(34): require_once('C:\\Users\\hp\\Des...')
#9 {main}
CRITICAL - 2020-12-30 22:29:25 --> Undefined variable: config
#0 C:\Users\hp\Desktop\belajar\app\Views\auth\login.php(22): CodeIgniter\Debug\Exceptions->errorHandler(8, 'Undefined varia...', 'C:\\Users\\hp\\Des...', 22, Array)
#1 C:\Users\hp\Desktop\belajar\vendor\codeigniter4\framework\system\View\View.php(246): include('C:\\Users\\hp\\Des...')
#2 C:\Users\hp\Desktop\belajar\vendor\codeigniter4\framework\system\Common.php(1119): CodeIgniter\View\View->render('auth/login', Array, true)
#3 C:\Users\hp\Desktop\belajar\app\Controllers\Home.php(7): view('auth/login')
#4 C:\Users\hp\Desktop\belajar\vendor\codeigniter4\framework\system\CodeIgniter.php(918): App\Controllers\Home->index()
#5 C:\Users\hp\Desktop\belajar\vendor\codeigniter4\framework\system\CodeIgniter.php(404): CodeIgniter\CodeIgniter->runController(Object(App\Controllers\Home))
#6 C:\Users\hp\Desktop\belajar\vendor\codeigniter4\framework\system\CodeIgniter.php(312): CodeIgniter\CodeIgniter->handleRequest(NULL, Object(Config\Cache), false)
#7 C:\Users\hp\Desktop\belajar\public\index.php(45): CodeIgniter\CodeIgniter->run()
#8 C:\Users\hp\Desktop\belajar\vendor\codeigniter4\framework\system\Commands\Server\rewrite.php(34): require_once('C:\\Users\\hp\\Des...')
#9 {main}
CRITICAL - 2020-12-30 22:29:30 --> Undefined variable: config
#0 C:\Users\hp\Desktop\belajar\app\Views\auth\login.php(22): CodeIgniter\Debug\Exceptions->errorHandler(8, 'Undefined varia...', 'C:\\Users\\hp\\Des...', 22, Array)
#1 C:\Users\hp\Desktop\belajar\vendor\codeigniter4\framework\system\View\View.php(246): include('C:\\Users\\hp\\Des...')
#2 C:\Users\hp\Desktop\belajar\vendor\codeigniter4\framework\system\Common.php(1119): CodeIgniter\View\View->render('auth/login', Array, true)
#3 C:\Users\hp\Desktop\belajar\app\Controllers\Home.php(7): view('auth/login')
#4 C:\Users\hp\Desktop\belajar\vendor\codeigniter4\framework\system\CodeIgniter.php(918): App\Controllers\Home->index()
#5 C:\Users\hp\Desktop\belajar\vendor\codeigniter4\framework\system\CodeIgniter.php(404): CodeIgniter\CodeIgniter->runController(Object(App\Controllers\Home))
#6 C:\Users\hp\Desktop\belajar\vendor\codeigniter4\framework\system\CodeIgniter.php(312): CodeIgniter\CodeIgniter->handleRequest(NULL, Object(Config\Cache), false)
#7 C:\Users\hp\Desktop\belajar\public\index.php(45): CodeIgniter\CodeIgniter->run()
#8 C:\Users\hp\Desktop\belajar\vendor\codeigniter4\framework\system\Commands\Server\rewrite.php(34): require_once('C:\\Users\\hp\\Des...')
#9 {main}
CRITICAL - 2020-12-30 22:30:53 --> Undefined variable: config
#0 C:\Users\hp\Desktop\belajar\app\Views\auth\login.php(22): CodeIgniter\Debug\Exceptions->errorHandler(8, 'Undefined varia...', 'C:\\Users\\hp\\Des...', 22, Array)
#1 C:\Users\hp\Desktop\belajar\vendor\codeigniter4\framework\system\View\View.php(246): include('C:\\Users\\hp\\Des...')
#2 C:\Users\hp\Desktop\belajar\vendor\codeigniter4\framework\system\Common.php(1119): CodeIgniter\View\View->render('auth/login', Array, true)
#3 C:\Users\hp\Desktop\belajar\app\Controllers\Home.php(7): view('auth/login')
#4 C:\Users\hp\Desktop\belajar\vendor\codeigniter4\framework\system\CodeIgniter.php(918): App\Controllers\Home->index()
#5 C:\Users\hp\Desktop\belajar\vendor\codeigniter4\framework\system\CodeIgniter.php(404): CodeIgniter\CodeIgniter->runController(Object(App\Controllers\Home))
#6 C:\Users\hp\Desktop\belajar\vendor\codeigniter4\framework\system\CodeIgniter.php(312): CodeIgniter\CodeIgniter->handleRequest(NULL, Object(Config\Cache), false)
#7 C:\Users\hp\Desktop\belajar\public\index.php(45): CodeIgniter\CodeIgniter->run()
#8 C:\Users\hp\Desktop\belajar\vendor\codeigniter4\framework\system\Commands\Server\rewrite.php(34): require_once('C:\\Users\\hp\\Des...')
#9 {main}
CRITICAL - 2020-12-30 22:31:00 --> Undefined variable: config
#0 C:\Users\hp\Desktop\belajar\app\Views\auth\login.php(22): CodeIgniter\Debug\Exceptions->errorHandler(8, 'Undefined varia...', 'C:\\Users\\hp\\Des...', 22, Array)
#1 C:\Users\hp\Desktop\belajar\vendor\codeigniter4\framework\system\View\View.php(246): include('C:\\Users\\hp\\Des...')
#2 C:\Users\hp\Desktop\belajar\vendor\codeigniter4\framework\system\Common.php(1119): CodeIgniter\View\View->render('auth/login', Array, true)
#3 C:\Users\hp\Desktop\belajar\app\Controllers\Home.php(7): view('auth/login')
#4 C:\Users\hp\Desktop\belajar\vendor\codeigniter4\framework\system\CodeIgniter.php(918): App\Controllers\Home->index()
#5 C:\Users\hp\Desktop\belajar\vendor\codeigniter4\framework\system\CodeIgniter.php(404): CodeIgniter\CodeIgniter->runController(Object(App\Controllers\Home))
#6 C:\Users\hp\Desktop\belajar\vendor\codeigniter4\framework\system\CodeIgniter.php(312): CodeIgniter\CodeIgniter->handleRequest(NULL, Object(Config\Cache), false)
#7 C:\Users\hp\Desktop\belajar\public\index.php(45): CodeIgniter\CodeIgniter->run()
#8 C:\Users\hp\Desktop\belajar\vendor\codeigniter4\framework\system\Commands\Server\rewrite.php(34): require_once('C:\\Users\\hp\\Des...')
#9 {main}
CRITICAL - 2020-12-30 22:31:10 --> Undefined variable: config
#0 C:\Users\hp\Desktop\belajar\app\Views\auth\login.php(22): CodeIgniter\Debug\Exceptions->errorHandler(8, 'Undefined varia...', 'C:\\Users\\hp\\Des...', 22, Array)
#1 C:\Users\hp\Desktop\belajar\vendor\codeigniter4\framework\system\View\View.php(246): include('C:\\Users\\hp\\Des...')
#2 C:\Users\hp\Desktop\belajar\vendor\codeigniter4\framework\system\Common.php(1119): CodeIgniter\View\View->render('auth/login', Array, true)
#3 C:\Users\hp\Desktop\belajar\app\Controllers\Home.php(7): view('auth/login')
#4 C:\Users\hp\Desktop\belajar\vendor\codeigniter4\framework\system\CodeIgniter.php(918): App\Controllers\Home->index()
#5 C:\Users\hp\Desktop\belajar\vendor\codeigniter4\framework\system\CodeIgniter.php(404): CodeIgniter\CodeIgniter->runController(Object(App\Controllers\Home))
#6 C:\Users\hp\Desktop\belajar\vendor\codeigniter4\framework\system\CodeIgniter.php(312): CodeIgniter\CodeIgniter->handleRequest(NULL, Object(Config\Cache), false)
#7 C:\Users\hp\Desktop\belajar\public\index.php(45): CodeIgniter\CodeIgniter->run()
#8 C:\Users\hp\Desktop\belajar\vendor\codeigniter4\framework\system\Commands\Server\rewrite.php(34): require_once('C:\\Users\\hp\\Des...')
#9 {main}
CRITICAL - 2020-12-30 22:31:13 --> Undefined variable: config
#0 C:\Users\hp\Desktop\belajar\app\Views\auth\login.php(22): CodeIgniter\Debug\Exceptions->errorHandler(8, 'Undefined varia...', 'C:\\Users\\hp\\Des...', 22, Array)
#1 C:\Users\hp\Desktop\belajar\vendor\codeigniter4\framework\system\View\View.php(246): include('C:\\Users\\hp\\Des...')
#2 C:\Users\hp\Desktop\belajar\vendor\codeigniter4\framework\system\Common.php(1119): CodeIgniter\View\View->render('auth/login', Array, true)
#3 C:\Users\hp\Desktop\belajar\app\Controllers\Home.php(7): view('auth/login')
#4 C:\Users\hp\Desktop\belajar\vendor\codeigniter4\framework\system\CodeIgniter.php(918): App\Controllers\Home->index()
#5 C:\Users\hp\Desktop\belajar\vendor\codeigniter4\framework\system\CodeIgniter.php(404): CodeIgniter\CodeIgniter->runController(Object(App\Controllers\Home))
#6 C:\Users\hp\Desktop\belajar\vendor\codeigniter4\framework\system\CodeIgniter.php(312): CodeIgniter\CodeIgniter->handleRequest(NULL, Object(Config\Cache), false)
#7 C:\Users\hp\Desktop\belajar\public\index.php(45): CodeIgniter\CodeIgniter->run()
#8 C:\Users\hp\Desktop\belajar\vendor\codeigniter4\framework\system\Commands\Server\rewrite.php(34): require_once('C:\\Users\\hp\\Des...')
#9 {main}
CRITICAL - 2020-12-30 22:31:22 --> Undefined variable: config
#0 C:\Users\hp\Desktop\belajar\app\Views\auth\login.php(22): CodeIgniter\Debug\Exceptions->errorHandler(8, 'Undefined varia...', 'C:\\Users\\hp\\Des...', 22, Array)
#1 C:\Users\hp\Desktop\belajar\vendor\codeigniter4\framework\system\View\View.php(246): include('C:\\Users\\hp\\Des...')
#2 C:\Users\hp\Desktop\belajar\vendor\codeigniter4\framework\system\Common.php(1119): CodeIgniter\View\View->render('auth/login', Array, true)
#3 C:\Users\hp\Desktop\belajar\app\Controllers\Home.php(7): view('auth/login')
#4 C:\Users\hp\Desktop\belajar\vendor\codeigniter4\framework\system\CodeIgniter.php(918): App\Controllers\Home->index()
#5 C:\Users\hp\Desktop\belajar\vendor\codeigniter4\framework\system\CodeIgniter.php(404): CodeIgniter\CodeIgniter->runController(Object(App\Controllers\Home))
#6 C:\Users\hp\Desktop\belajar\vendor\codeigniter4\framework\system\CodeIgniter.php(312): CodeIgniter\CodeIgniter->handleRequest(NULL, Object(Config\Cache), false)
#7 C:\Users\hp\Desktop\belajar\public\index.php(45): CodeIgniter\CodeIgniter->run()
#8 C:\Users\hp\Desktop\belajar\vendor\codeigniter4\framework\system\Commands\Server\rewrite.php(34): require_once('C:\\Users\\hp\\Des...')
#9 {main}
CRITICAL - 2020-12-30 22:31:24 --> Undefined variable: config
#0 C:\Users\hp\Desktop\belajar\app\Views\auth\login.php(22): CodeIgniter\Debug\Exceptions->errorHandler(8, 'Undefined varia...', 'C:\\Users\\hp\\Des...', 22, Array)
#1 C:\Users\hp\Desktop\belajar\vendor\codeigniter4\framework\system\View\View.php(246): include('C:\\Users\\hp\\Des...')
#2 C:\Users\hp\Desktop\belajar\vendor\codeigniter4\framework\system\Common.php(1119): CodeIgniter\View\View->render('auth/login', Array, true)
#3 C:\Users\hp\Desktop\belajar\app\Controllers\Home.php(7): view('auth/login')
#4 C:\Users\hp\Desktop\belajar\vendor\codeigniter4\framework\system\CodeIgniter.php(918): App\Controllers\Home->index()
#5 C:\Users\hp\Desktop\belajar\vendor\codeigniter4\framework\system\CodeIgniter.php(404): CodeIgniter\CodeIgniter->runController(Object(App\Controllers\Home))
#6 C:\Users\hp\Desktop\belajar\vendor\codeigniter4\framework\system\CodeIgniter.php(312): CodeIgniter\CodeIgniter->handleRequest(NULL, Object(Config\Cache), false)
#7 C:\Users\hp\Desktop\belajar\public\index.php(45): CodeIgniter\CodeIgniter->run()
#8 C:\Users\hp\Desktop\belajar\vendor\codeigniter4\framework\system\Commands\Server\rewrite.php(34): require_once('C:\\Users\\hp\\Des...')
#9 {main}
CRITICAL - 2020-12-30 22:33:56 --> Undefined variable: config
#0 C:\Users\hp\Desktop\belajar\app\Views\auth\login.php(22): CodeIgniter\Debug\Exceptions->errorHandler(8, 'Undefined varia...', 'C:\\Users\\hp\\Des...', 22, Array)
#1 C:\Users\hp\Desktop\belajar\vendor\codeigniter4\framework\system\View\View.php(246): include('C:\\Users\\hp\\Des...')
#2 C:\Users\hp\Desktop\belajar\vendor\codeigniter4\framework\system\Common.php(1119): CodeIgniter\View\View->render('auth/login', Array, true)
#3 C:\Users\hp\Desktop\belajar\app\Controllers\Home.php(7): view('auth/login')
#4 C:\Users\hp\Desktop\belajar\vendor\codeigniter4\framework\system\CodeIgniter.php(918): App\Controllers\Home->index()
#5 C:\Users\hp\Desktop\belajar\vendor\codeigniter4\framework\system\CodeIgniter.php(404): CodeIgniter\CodeIgniter->runController(Object(App\Controllers\Home))
#6 C:\Users\hp\Desktop\belajar\vendor\codeigniter4\framework\system\CodeIgniter.php(312): CodeIgniter\CodeIgniter->handleRequest(NULL, Object(Config\Cache), false)
#7 C:\Users\hp\Desktop\belajar\public\index.php(45): CodeIgniter\CodeIgniter->run()
#8 C:\Users\hp\Desktop\belajar\vendor\codeigniter4\framework\system\Commands\Server\rewrite.php(34): require_once('C:\\Users\\hp\\Des...')
#9 {main}
CRITICAL - 2020-12-30 22:33:56 --> Undefined variable: config
#0 C:\Users\hp\Desktop\belajar\app\Views\auth\login.php(22): CodeIgniter\Debug\Exceptions->errorHandler(8, 'Undefined varia...', 'C:\\Users\\hp\\Des...', 22, Array)
#1 C:\Users\hp\Desktop\belajar\vendor\codeigniter4\framework\system\View\View.php(246): include('C:\\Users\\hp\\Des...')
#2 C:\Users\hp\Desktop\belajar\vendor\codeigniter4\framework\system\Common.php(1119): CodeIgniter\View\View->render('auth/login', Array, true)
#3 C:\Users\hp\Desktop\belajar\app\Controllers\Home.php(7): view('auth/login')
#4 C:\Users\hp\Desktop\belajar\vendor\codeigniter4\framework\system\CodeIgniter.php(918): App\Controllers\Home->index()
#5 C:\Users\hp\Desktop\belajar\vendor\codeigniter4\framework\system\CodeIgniter.php(404): CodeIgniter\CodeIgniter->runController(Object(App\Controllers\Home))
#6 C:\Users\hp\Desktop\belajar\vendor\codeigniter4\framework\system\CodeIgniter.php(312): CodeIgniter\CodeIgniter->handleRequest(NULL, Object(Config\Cache), false)
#7 C:\Users\hp\Desktop\belajar\public\index.php(45): CodeIgniter\CodeIgniter->run()
#8 C:\Users\hp\Desktop\belajar\vendor\codeigniter4\framework\system\Commands\Server\rewrite.php(34): require_once('C:\\Users\\hp\\Des...')
#9 {main}
CRITICAL - 2020-12-30 22:36:56 --> Undefined variable: config
#0 C:\Users\hp\Desktop\belajar\app\Views\auth\login.php(22): CodeIgniter\Debug\Exceptions->errorHandler(8, 'Undefined varia...', 'C:\\Users\\hp\\Des...', 22, Array)
#1 C:\Users\hp\Desktop\belajar\vendor\codeigniter4\framework\system\View\View.php(246): include('C:\\Users\\hp\\Des...')
#2 C:\Users\hp\Desktop\belajar\vendor\codeigniter4\framework\system\Common.php(1119): CodeIgniter\View\View->render('auth/login', Array, true)
#3 C:\Users\hp\Desktop\belajar\app\Controllers\Home.php(7): view('auth/login')
#4 C:\Users\hp\Desktop\belajar\vendor\codeigniter4\framework\system\CodeIgniter.php(918): App\Controllers\Home->index()
#5 C:\Users\hp\Desktop\belajar\vendor\codeigniter4\framework\system\CodeIgniter.php(404): CodeIgniter\CodeIgniter->runController(Object(App\Controllers\Home))
#6 C:\Users\hp\Desktop\belajar\vendor\codeigniter4\framework\system\CodeIgniter.php(312): CodeIgniter\CodeIgniter->handleRequest(NULL, Object(Config\Cache), false)
#7 C:\Users\hp\Desktop\belajar\public\index.php(45): CodeIgniter\CodeIgniter->run()
#8 C:\Users\hp\Desktop\belajar\vendor\codeigniter4\framework\system\Commands\Server\rewrite.php(34): require_once('C:\\Users\\hp\\Des...')
#9 {main}
CRITICAL - 2020-12-30 22:37:18 --> Undefined variable: config
#0 C:\Users\hp\Desktop\belajar\app\Views\auth\login.php(22): CodeIgniter\Debug\Exceptions->errorHandler(8, 'Undefined varia...', 'C:\\Users\\hp\\Des...', 22, Array)
#1 C:\Users\hp\Desktop\belajar\vendor\codeigniter4\framework\system\View\View.php(246): include('C:\\Users\\hp\\Des...')
#2 C:\Users\hp\Desktop\belajar\vendor\codeigniter4\framework\system\Common.php(1119): CodeIgniter\View\View->render('auth/login', Array, true)
#3 C:\Users\hp\Desktop\belajar\app\Controllers\Home.php(7): view('auth/login')
#4 C:\Users\hp\Desktop\belajar\vendor\codeigniter4\framework\system\CodeIgniter.php(918): App\Controllers\Home->index()
#5 C:\Users\hp\Desktop\belajar\vendor\codeigniter4\framework\system\CodeIgniter.php(404): CodeIgniter\CodeIgniter->runController(Object(App\Controllers\Home))
#6 C:\Users\hp\Desktop\belajar\vendor\codeigniter4\framework\system\CodeIgniter.php(312): CodeIgniter\CodeIgniter->handleRequest(NULL, Object(Config\Cache), false)
#7 C:\Users\hp\Desktop\belajar\public\index.php(45): CodeIgniter\CodeIgniter->run()
#8 C:\Users\hp\Desktop\belajar\vendor\codeigniter4\framework\system\Commands\Server\rewrite.php(34): require_once('C:\\Users\\hp\\Des...')
#9 {main}
CRITICAL - 2020-12-30 22:37:36 --> Undefined variable: config
#0 C:\Users\hp\Desktop\belajar\app\Views\auth\login.php(22): CodeIgniter\Debug\Exceptions->errorHandler(8, 'Undefined varia...', 'C:\\Users\\hp\\Des...', 22, Array)
#1 C:\Users\hp\Desktop\belajar\vendor\codeigniter4\framework\system\View\View.php(246): include('C:\\Users\\hp\\Des...')
#2 C:\Users\hp\Desktop\belajar\vendor\codeigniter4\framework\system\Common.php(1119): CodeIgniter\View\View->render('auth/login', Array, true)
#3 C:\Users\hp\Desktop\belajar\app\Controllers\Home.php(7): view('auth/login')
#4 C:\Users\hp\Desktop\belajar\vendor\codeigniter4\framework\system\CodeIgniter.php(918): App\Controllers\Home->index()
#5 C:\Users\hp\Desktop\belajar\vendor\codeigniter4\framework\system\CodeIgniter.php(404): CodeIgniter\CodeIgniter->runController(Object(App\Controllers\Home))
#6 C:\Users\hp\Desktop\belajar\vendor\codeigniter4\framework\system\CodeIgniter.php(312): CodeIgniter\CodeIgniter->handleRequest(NULL, Object(Config\Cache), false)
#7 C:\Users\hp\Desktop\belajar\public\index.php(45): CodeIgniter\CodeIgniter->run()
#8 C:\Users\hp\Desktop\belajar\vendor\codeigniter4\framework\system\Commands\Server\rewrite.php(34): require_once('C:\\Users\\hp\\Des...')
#9 {main}
CRITICAL - 2020-12-30 22:38:10 --> Undefined variable: config
#0 C:\Users\hp\Desktop\belajar\app\Views\auth\login.php(22): CodeIgniter\Debug\Exceptions->errorHandler(8, 'Undefined varia...', 'C:\\Users\\hp\\Des...', 22, Array)
#1 C:\Users\hp\Desktop\belajar\vendor\codeigniter4\framework\system\View\View.php(246): include('C:\\Users\\hp\\Des...')
#2 C:\Users\hp\Desktop\belajar\vendor\codeigniter4\framework\system\Common.php(1119): CodeIgniter\View\View->render('auth/login', Array, true)
#3 C:\Users\hp\Desktop\belajar\app\Controllers\Home.php(7): view('auth/login')
#4 C:\Users\hp\Desktop\belajar\vendor\codeigniter4\framework\system\CodeIgniter.php(918): App\Controllers\Home->index()
#5 C:\Users\hp\Desktop\belajar\vendor\codeigniter4\framework\system\CodeIgniter.php(404): CodeIgniter\CodeIgniter->runController(Object(App\Controllers\Home))
#6 C:\Users\hp\Desktop\belajar\vendor\codeigniter4\framework\system\CodeIgniter.php(312): CodeIgniter\CodeIgniter->handleRequest(NULL, Object(Config\Cache), false)
#7 C:\Users\hp\Desktop\belajar\public\index.php(45): CodeIgniter\CodeIgniter->run()
#8 C:\Users\hp\Desktop\belajar\vendor\codeigniter4\framework\system\Commands\Server\rewrite.php(34): require_once('C:\\Users\\hp\\Des...')
#9 {main}
CRITICAL - 2020-12-30 22:40:49 --> Undefined variable: config
#0 C:\Users\hp\Desktop\belajar\app\Views\auth\login.php(22): CodeIgniter\Debug\Exceptions->errorHandler(8, 'Undefined varia...', 'C:\\Users\\hp\\Des...', 22, Array)
#1 C:\Users\hp\Desktop\belajar\vendor\codeigniter4\framework\system\View\View.php(246): include('C:\\Users\\hp\\Des...')
#2 C:\Users\hp\Desktop\belajar\vendor\codeigniter4\framework\system\Common.php(1119): CodeIgniter\View\View->render('auth/login', Array, true)
#3 C:\Users\hp\Desktop\belajar\app\Controllers\Home.php(7): view('auth/login')
#4 C:\Users\hp\Desktop\belajar\vendor\codeigniter4\framework\system\CodeIgniter.php(918): App\Controllers\Home->index()
#5 C:\Users\hp\Desktop\belajar\vendor\codeigniter4\framework\system\CodeIgniter.php(404): CodeIgniter\CodeIgniter->runController(Object(App\Controllers\Home))
#6 C:\Users\hp\Desktop\belajar\vendor\codeigniter4\framework\system\CodeIgniter.php(312): CodeIgniter\CodeIgniter->handleRequest(NULL, Object(Config\Cache), false)
#7 C:\Users\hp\Desktop\belajar\public\index.php(45): CodeIgniter\CodeIgniter->run()
#8 C:\Users\hp\Desktop\belajar\vendor\codeigniter4\framework\system\Commands\Server\rewrite.php(34): require_once('C:\\Users\\hp\\Des...')
#9 {main}
CRITICAL - 2020-12-30 22:41:10 --> Undefined variable: config
#0 C:\Users\hp\Desktop\belajar\app\Views\auth\login.php(22): CodeIgniter\Debug\Exceptions->errorHandler(8, 'Undefined varia...', 'C:\\Users\\hp\\Des...', 22, Array)
#1 C:\Users\hp\Desktop\belajar\vendor\codeigniter4\framework\system\View\View.php(246): include('C:\\Users\\hp\\Des...')
#2 C:\Users\hp\Desktop\belajar\vendor\codeigniter4\framework\system\Common.php(1119): CodeIgniter\View\View->render('auth/login', Array, true)
#3 C:\Users\hp\Desktop\belajar\app\Controllers\Home.php(7): view('auth/login')
#4 C:\Users\hp\Desktop\belajar\vendor\codeigniter4\framework\system\CodeIgniter.php(918): App\Controllers\Home->index()
#5 C:\Users\hp\Desktop\belajar\vendor\codeigniter4\framework\system\CodeIgniter.php(404): CodeIgniter\CodeIgniter->runController(Object(App\Controllers\Home))
#6 C:\Users\hp\Desktop\belajar\vendor\codeigniter4\framework\system\CodeIgniter.php(312): CodeIgniter\CodeIgniter->handleRequest(NULL, Object(Config\Cache), false)
#7 C:\Users\hp\Desktop\belajar\public\index.php(45): CodeIgniter\CodeIgniter->run()
#8 C:\Users\hp\Desktop\belajar\vendor\codeigniter4\framework\system\Commands\Server\rewrite.php(34): require_once('C:\\Users\\hp\\Des...')
#9 {main}
CRITICAL - 2020-12-30 22:43:05 --> Undefined variable: config
#0 C:\Users\hp\Desktop\belajar\app\Views\auth\login.php(22): CodeIgniter\Debug\Exceptions->errorHandler(8, 'Undefined varia...', 'C:\\Users\\hp\\Des...', 22, Array)
#1 C:\Users\hp\Desktop\belajar\vendor\codeigniter4\framework\system\View\View.php(246): include('C:\\Users\\hp\\Des...')
#2 C:\Users\hp\Desktop\belajar\vendor\codeigniter4\framework\system\Common.php(1119): CodeIgniter\View\View->render('auth/login', Array, true)
#3 C:\Users\hp\Desktop\belajar\app\Controllers\Home.php(7): view('auth/login')
#4 C:\Users\hp\Desktop\belajar\vendor\codeigniter4\framework\system\CodeIgniter.php(918): App\Controllers\Home->index()
#5 C:\Users\hp\Desktop\belajar\vendor\codeigniter4\framework\system\CodeIgniter.php(404): CodeIgniter\CodeIgniter->runController(Object(App\Controllers\Home))
#6 C:\Users\hp\Desktop\belajar\vendor\codeigniter4\framework\system\CodeIgniter.php(312): CodeIgniter\CodeIgniter->handleRequest(NULL, Object(Config\Cache), false)
#7 C:\Users\hp\Desktop\belajar\public\index.php(45): CodeIgniter\CodeIgniter->run()
#8 C:\Users\hp\Desktop\belajar\vendor\codeigniter4\framework\system\Commands\Server\rewrite.php(34): require_once('C:\\Users\\hp\\Des...')
#9 {main}
CRITICAL - 2020-12-30 22:43:06 --> Undefined variable: config
#0 C:\Users\hp\Desktop\belajar\app\Views\auth\login.php(22): CodeIgniter\Debug\Exceptions->errorHandler(8, 'Undefined varia...', 'C:\\Users\\hp\\Des...', 22, Array)
#1 C:\Users\hp\Desktop\belajar\vendor\codeigniter4\framework\system\View\View.php(246): include('C:\\Users\\hp\\Des...')
#2 C:\Users\hp\Desktop\belajar\vendor\codeigniter4\framework\system\Common.php(1119): CodeIgniter\View\View->render('auth/login', Array, true)
#3 C:\Users\hp\Desktop\belajar\app\Controllers\Home.php(7): view('auth/login')
#4 C:\Users\hp\Desktop\belajar\vendor\codeigniter4\framework\system\CodeIgniter.php(918): App\Controllers\Home->index()
#5 C:\Users\hp\Desktop\belajar\vendor\codeigniter4\framework\system\CodeIgniter.php(404): CodeIgniter\CodeIgniter->runController(Object(App\Controllers\Home))
#6 C:\Users\hp\Desktop\belajar\vendor\codeigniter4\framework\system\CodeIgniter.php(312): CodeIgniter\CodeIgniter->handleRequest(NULL, Object(Config\Cache), false)
#7 C:\Users\hp\Desktop\belajar\public\index.php(45): CodeIgniter\CodeIgniter->run()
#8 C:\Users\hp\Desktop\belajar\vendor\codeigniter4\framework\system\Commands\Server\rewrite.php(34): require_once('C:\\Users\\hp\\Des...')
#9 {main}
CRITICAL - 2020-12-30 22:43:17 --> Undefined variable: config
#0 C:\Users\hp\Desktop\belajar\app\Views\auth\login.php(22): CodeIgniter\Debug\Exceptions->errorHandler(8, 'Undefined varia...', 'C:\\Users\\hp\\Des...', 22, Array)
#1 C:\Users\hp\Desktop\belajar\vendor\codeigniter4\framework\system\View\View.php(246): include('C:\\Users\\hp\\Des...')
#2 C:\Users\hp\Desktop\belajar\vendor\codeigniter4\framework\system\Common.php(1119): CodeIgniter\View\View->render('auth/login', Array, true)
#3 C:\Users\hp\Desktop\belajar\app\Controllers\Home.php(7): view('auth/login')
#4 C:\Users\hp\Desktop\belajar\vendor\codeigniter4\framework\system\CodeIgniter.php(918): App\Controllers\Home->index()
#5 C:\Users\hp\Desktop\belajar\vendor\codeigniter4\framework\system\CodeIgniter.php(404): CodeIgniter\CodeIgniter->runController(Object(App\Controllers\Home))
#6 C:\Users\hp\Desktop\belajar\vendor\codeigniter4\framework\system\CodeIgniter.php(312): CodeIgniter\CodeIgniter->handleRequest(NULL, Object(Config\Cache), false)
#7 C:\Users\hp\Desktop\belajar\public\index.php(45): CodeIgniter\CodeIgniter->run()
#8 C:\Users\hp\Desktop\belajar\vendor\codeigniter4\framework\system\Commands\Server\rewrite.php(34): require_once('C:\\Users\\hp\\Des...')
#9 {main}
CRITICAL - 2020-12-30 22:43:26 --> Undefined variable: config
#0 C:\Users\hp\Desktop\belajar\app\Views\auth\login.php(22): CodeIgniter\Debug\Exceptions->errorHandler(8, 'Undefined varia...', 'C:\\Users\\hp\\Des...', 22, Array)
#1 C:\Users\hp\Desktop\belajar\vendor\codeigniter4\framework\system\View\View.php(246): include('C:\\Users\\hp\\Des...')
#2 C:\Users\hp\Desktop\belajar\vendor\codeigniter4\framework\system\Common.php(1119): CodeIgniter\View\View->render('auth/login', Array, true)
#3 C:\Users\hp\Desktop\belajar\app\Controllers\Home.php(7): view('auth/login')
#4 C:\Users\hp\Desktop\belajar\vendor\codeigniter4\framework\system\CodeIgniter.php(918): App\Controllers\Home->index()
#5 C:\Users\hp\Desktop\belajar\vendor\codeigniter4\framework\system\CodeIgniter.php(404): CodeIgniter\CodeIgniter->runController(Object(App\Controllers\Home))
#6 C:\Users\hp\Desktop\belajar\vendor\codeigniter4\framework\system\CodeIgniter.php(312): CodeIgniter\CodeIgniter->handleRequest(NULL, Object(Config\Cache), false)
#7 C:\Users\hp\Desktop\belajar\public\index.php(45): CodeIgniter\CodeIgniter->run()
#8 C:\Users\hp\Desktop\belajar\vendor\codeigniter4\framework\system\Commands\Server\rewrite.php(34): require_once('C:\\Users\\hp\\Des...')
#9 {main}
CRITICAL - 2020-12-30 22:43:27 --> Undefined variable: config
#0 C:\Users\hp\Desktop\belajar\app\Views\auth\login.php(22): CodeIgniter\Debug\Exceptions->errorHandler(8, 'Undefined varia...', 'C:\\Users\\hp\\Des...', 22, Array)
#1 C:\Users\hp\Desktop\belajar\vendor\codeigniter4\framework\system\View\View.php(246): include('C:\\Users\\hp\\Des...')
#2 C:\Users\hp\Desktop\belajar\vendor\codeigniter4\framework\system\Common.php(1119): CodeIgniter\View\View->render('auth/login', Array, true)
#3 C:\Users\hp\Desktop\belajar\app\Controllers\Home.php(7): view('auth/login')
#4 C:\Users\hp\Desktop\belajar\vendor\codeigniter4\framework\system\CodeIgniter.php(918): App\Controllers\Home->index()
#5 C:\Users\hp\Desktop\belajar\vendor\codeigniter4\framework\system\CodeIgniter.php(404): CodeIgniter\CodeIgniter->runController(Object(App\Controllers\Home))
#6 C:\Users\hp\Desktop\belajar\vendor\codeigniter4\framework\system\CodeIgniter.php(312): CodeIgniter\CodeIgniter->handleRequest(NULL, Object(Config\Cache), false)
#7 C:\Users\hp\Desktop\belajar\public\index.php(45): CodeIgniter\CodeIgniter->run()
#8 C:\Users\hp\Desktop\belajar\vendor\codeigniter4\framework\system\Commands\Server\rewrite.php(34): require_once('C:\\Users\\hp\\Des...')
#9 {main}
CRITICAL - 2020-12-30 22:43:31 --> Undefined variable: config
#0 C:\Users\hp\Desktop\belajar\app\Views\auth\login.php(22): CodeIgniter\Debug\Exceptions->errorHandler(8, 'Undefined varia...', 'C:\\Users\\hp\\Des...', 22, Array)
#1 C:\Users\hp\Desktop\belajar\vendor\codeigniter4\framework\system\View\View.php(246): include('C:\\Users\\hp\\Des...')
#2 C:\Users\hp\Desktop\belajar\vendor\codeigniter4\framework\system\Common.php(1119): CodeIgniter\View\View->render('auth/login', Array, true)
#3 C:\Users\hp\Desktop\belajar\app\Controllers\Home.php(7): view('auth/login')
#4 C:\Users\hp\Desktop\belajar\vendor\codeigniter4\framework\system\CodeIgniter.php(918): App\Controllers\Home->index()
#5 C:\Users\hp\Desktop\belajar\vendor\codeigniter4\framework\system\CodeIgniter.php(404): CodeIgniter\CodeIgniter->runController(Object(App\Controllers\Home))
#6 C:\Users\hp\Desktop\belajar\vendor\codeigniter4\framework\system\CodeIgniter.php(312): CodeIgniter\CodeIgniter->handleRequest(NULL, Object(Config\Cache), false)
#7 C:\Users\hp\Desktop\belajar\public\index.php(45): CodeIgniter\CodeIgniter->run()
#8 C:\Users\hp\Desktop\belajar\vendor\codeigniter4\framework\system\Commands\Server\rewrite.php(34): require_once('C:\\Users\\hp\\Des...')
#9 {main}
CRITICAL - 2020-12-30 22:43:49 --> Undefined variable: config
#0 C:\Users\hp\Desktop\belajar\app\Views\auth\login.php(22): CodeIgniter\Debug\Exceptions->errorHandler(8, 'Undefined varia...', 'C:\\Users\\hp\\Des...', 22, Array)
#1 C:\Users\hp\Desktop\belajar\vendor\codeigniter4\framework\system\View\View.php(246): include('C:\\Users\\hp\\Des...')
#2 C:\Users\hp\Desktop\belajar\vendor\codeigniter4\framework\system\Common.php(1119): CodeIgniter\View\View->render('auth/login', Array, true)
#3 C:\Users\hp\Desktop\belajar\app\Controllers\Home.php(7): view('auth/login')
#4 C:\Users\hp\Desktop\belajar\vendor\codeigniter4\framework\system\CodeIgniter.php(918): App\Controllers\Home->index()
#5 C:\Users\hp\Desktop\belajar\vendor\codeigniter4\framework\system\CodeIgniter.php(404): CodeIgniter\CodeIgniter->runController(Object(App\Controllers\Home))
#6 C:\Users\hp\Desktop\belajar\vendor\codeigniter4\framework\system\CodeIgniter.php(312): CodeIgniter\CodeIgniter->handleRequest(NULL, Object(Config\Cache), false)
#7 C:\Users\hp\Desktop\belajar\public\index.php(45): CodeIgniter\CodeIgniter->run()
#8 C:\Users\hp\Desktop\belajar\vendor\codeigniter4\framework\system\Commands\Server\rewrite.php(34): require_once('C:\\Users\\hp\\Des...')
#9 {main}
CRITICAL - 2020-12-30 22:43:53 --> Undefined variable: config
#0 C:\Users\hp\Desktop\belajar\app\Views\auth\login.php(22): CodeIgniter\Debug\Exceptions->errorHandler(8, 'Undefined varia...', 'C:\\Users\\hp\\Des...', 22, Array)
#1 C:\Users\hp\Desktop\belajar\vendor\codeigniter4\framework\system\View\View.php(246): include('C:\\Users\\hp\\Des...')
#2 C:\Users\hp\Desktop\belajar\vendor\codeigniter4\framework\system\Common.php(1119): CodeIgniter\View\View->render('auth/login', Array, true)
#3 C:\Users\hp\Desktop\belajar\app\Controllers\Home.php(7): view('auth/login')
#4 C:\Users\hp\Desktop\belajar\vendor\codeigniter4\framework\system\CodeIgniter.php(918): App\Controllers\Home->index()
#5 C:\Users\hp\Desktop\belajar\vendor\codeigniter4\framework\system\CodeIgniter.php(404): CodeIgniter\CodeIgniter->runController(Object(App\Controllers\Home))
#6 C:\Users\hp\Desktop\belajar\vendor\codeigniter4\framework\system\CodeIgniter.php(312): CodeIgniter\CodeIgniter->handleRequest(NULL, Object(Config\Cache), false)
#7 C:\Users\hp\Desktop\belajar\public\index.php(45): CodeIgniter\CodeIgniter->run()
#8 C:\Users\hp\Desktop\belajar\vendor\codeigniter4\framework\system\Commands\Server\rewrite.php(34): require_once('C:\\Users\\hp\\Des...')
#9 {main}
CRITICAL - 2020-12-30 22:44:26 --> Undefined variable: config
#0 C:\Users\hp\Desktop\belajar\app\Views\auth\login.php(22): CodeIgniter\Debug\Exceptions->errorHandler(8, 'Undefined varia...', 'C:\\Users\\hp\\Des...', 22, Array)
#1 C:\Users\hp\Desktop\belajar\vendor\codeigniter4\framework\system\View\View.php(246): include('C:\\Users\\hp\\Des...')
#2 C:\Users\hp\Desktop\belajar\vendor\codeigniter4\framework\system\Common.php(1119): CodeIgniter\View\View->render('auth/login', Array, true)
#3 C:\Users\hp\Desktop\belajar\app\Controllers\Home.php(7): view('auth/login')
#4 C:\Users\hp\Desktop\belajar\vendor\codeigniter4\framework\system\CodeIgniter.php(918): App\Controllers\Home->index()
#5 C:\Users\hp\Desktop\belajar\vendor\codeigniter4\framework\system\CodeIgniter.php(404): CodeIgniter\CodeIgniter->runController(Object(App\Controllers\Home))
#6 C:\Users\hp\Desktop\belajar\vendor\codeigniter4\framework\system\CodeIgniter.php(312): CodeIgniter\CodeIgniter->handleRequest(NULL, Object(Config\Cache), false)
#7 C:\Users\hp\Desktop\belajar\public\index.php(45): CodeIgniter\CodeIgniter->run()
#8 C:\Users\hp\Desktop\belajar\vendor\codeigniter4\framework\system\Commands\Server\rewrite.php(34): require_once('C:\\Users\\hp\\Des...')
#9 {main}
