CRITICAL - 2021-01-02 05:11:40 --> Undefined variable: title
#0 C:\Users\hp\Desktop\belajar\app\Views\home\comp\headfoot.php(4): CodeIgniter\Debug\Exceptions->errorHandler(8, 'Undefined varia...', 'C:\\Users\\hp\\Des...', 4, Array)
#1 C:\Users\hp\Desktop\belajar\vendor\codeigniter4\framework\system\View\View.php(246): include('C:\\Users\\hp\\Des...')
#2 C:\Users\hp\Desktop\belajar\vendor\codeigniter4\framework\system\View\View.php(257): CodeIgniter\View\View->render('home/comp/headf...', Array, true)
#3 C:\Users\hp\Desktop\belajar\vendor\codeigniter4\framework\system\Common.php(1119): CodeIgniter\View\View->render('home/index', Array, true)
#4 C:\Users\hp\Desktop\belajar\app\Controllers\Pages.php(11): view('home/index')
#5 C:\Users\hp\Desktop\belajar\vendor\codeigniter4\framework\system\CodeIgniter.php(918): App\Controllers\Pages->index()
#6 C:\Users\hp\Desktop\belajar\vendor\codeigniter4\framework\system\CodeIgniter.php(404): CodeIgniter\CodeIgniter->runController(Object(App\Controllers\Pages))
#7 C:\Users\hp\Desktop\belajar\vendor\codeigniter4\framework\system\CodeIgniter.php(312): CodeIgniter\CodeIgniter->handleRequest(NULL, Object(Config\Cache), false)
#8 C:\Users\hp\Desktop\belajar\public\index.php(45): CodeIgniter\CodeIgniter->run()
#9 C:\Users\hp\Desktop\belajar\vendor\codeigniter4\framework\system\Commands\Server\rewrite.php(34): require_once('C:\\Users\\hp\\Des...')
#10 {main}
CRITICAL - 2021-01-02 05:11:44 --> Undefined variable: title
#0 C:\Users\hp\Desktop\belajar\app\Views\home\comp\headfoot.php(4): CodeIgniter\Debug\Exceptions->errorHandler(8, 'Undefined varia...', 'C:\\Users\\hp\\Des...', 4, Array)
#1 C:\Users\hp\Desktop\belajar\vendor\codeigniter4\framework\system\View\View.php(246): include('C:\\Users\\hp\\Des...')
#2 C:\Users\hp\Desktop\belajar\vendor\codeigniter4\framework\system\View\View.php(257): CodeIgniter\View\View->render('home/comp/headf...', Array, true)
#3 C:\Users\hp\Desktop\belajar\vendor\codeigniter4\framework\system\Common.php(1119): CodeIgniter\View\View->render('home/catalog', Array, true)
#4 C:\Users\hp\Desktop\belajar\app\Controllers\Pages.php(19): view('home/catalog')
#5 C:\Users\hp\Desktop\belajar\vendor\codeigniter4\framework\system\CodeIgniter.php(918): App\Controllers\Pages->catalog()
#6 C:\Users\hp\Desktop\belajar\vendor\codeigniter4\framework\system\CodeIgniter.php(404): CodeIgniter\CodeIgniter->runController(Object(App\Controllers\Pages))
#7 C:\Users\hp\Desktop\belajar\vendor\codeigniter4\framework\system\CodeIgniter.php(312): CodeIgniter\CodeIgniter->handleRequest(NULL, Object(Config\Cache), false)
#8 C:\Users\hp\Desktop\belajar\public\index.php(45): CodeIgniter\CodeIgniter->run()
#9 C:\Users\hp\Desktop\belajar\vendor\codeigniter4\framework\system\Commands\Server\rewrite.php(34): require_once('C:\\Users\\hp\\Des...')
#10 {main}
CRITICAL - 2021-01-02 05:11:45 --> Undefined variable: title
#0 C:\Users\hp\Desktop\belajar\app\Views\home\comp\headfoot.php(4): CodeIgniter\Debug\Exceptions->errorHandler(8, 'Undefined varia...', 'C:\\Users\\hp\\Des...', 4, Array)
#1 C:\Users\hp\Desktop\belajar\vendor\codeigniter4\framework\system\View\View.php(246): include('C:\\Users\\hp\\Des...')
#2 C:\Users\hp\Desktop\belajar\vendor\codeigniter4\framework\system\View\View.php(257): CodeIgniter\View\View->render('home/comp/headf...', Array, true)
#3 C:\Users\hp\Desktop\belajar\vendor\codeigniter4\framework\system\Common.php(1119): CodeIgniter\View\View->render('home/index', Array, true)
#4 C:\Users\hp\Desktop\belajar\app\Controllers\Pages.php(11): view('home/index')
#5 C:\Users\hp\Desktop\belajar\vendor\codeigniter4\framework\system\CodeIgniter.php(918): App\Controllers\Pages->index()
#6 C:\Users\hp\Desktop\belajar\vendor\codeigniter4\framework\system\CodeIgniter.php(404): CodeIgniter\CodeIgniter->runController(Object(App\Controllers\Pages))
#7 C:\Users\hp\Desktop\belajar\vendor\codeigniter4\framework\system\CodeIgniter.php(312): CodeIgniter\CodeIgniter->handleRequest(NULL, Object(Config\Cache), false)
#8 C:\Users\hp\Desktop\belajar\public\index.php(45): CodeIgniter\CodeIgniter->run()
#9 C:\Users\hp\Desktop\belajar\vendor\codeigniter4\framework\system\Commands\Server\rewrite.php(34): require_once('C:\\Users\\hp\\Des...')
#10 {main}
CRITICAL - 2021-01-02 05:11:47 --> Undefined variable: title
#0 C:\Users\hp\Desktop\belajar\app\Views\home\comp\headfoot.php(4): CodeIgniter\Debug\Exceptions->errorHandler(8, 'Undefined varia...', 'C:\\Users\\hp\\Des...', 4, Array)
#1 C:\Users\hp\Desktop\belajar\vendor\codeigniter4\framework\system\View\View.php(246): include('C:\\Users\\hp\\Des...')
#2 C:\Users\hp\Desktop\belajar\vendor\codeigniter4\framework\system\View\View.php(257): CodeIgniter\View\View->render('home/comp/headf...', Array, true)
#3 C:\Users\hp\Desktop\belajar\vendor\codeigniter4\framework\system\Common.php(1119): CodeIgniter\View\View->render('home/index', Array, true)
#4 C:\Users\hp\Desktop\belajar\app\Controllers\Pages.php(11): view('home/index')
#5 C:\Users\hp\Desktop\belajar\vendor\codeigniter4\framework\system\CodeIgniter.php(918): App\Controllers\Pages->index()
#6 C:\Users\hp\Desktop\belajar\vendor\codeigniter4\framework\system\CodeIgniter.php(404): CodeIgniter\CodeIgniter->runController(Object(App\Controllers\Pages))
#7 C:\Users\hp\Desktop\belajar\vendor\codeigniter4\framework\system\CodeIgniter.php(312): CodeIgniter\CodeIgniter->handleRequest(NULL, Object(Config\Cache), false)
#8 C:\Users\hp\Desktop\belajar\public\index.php(45): CodeIgniter\CodeIgniter->run()
#9 C:\Users\hp\Desktop\belajar\vendor\codeigniter4\framework\system\Commands\Server\rewrite.php(34): require_once('C:\\Users\\hp\\Des...')
#10 {main}
CRITICAL - 2021-01-02 05:29:23 --> Undefined variable: title
#0 C:\Users\hp\Desktop\belajar\app\Views\home\index.php(4): CodeIgniter\Debug\Exceptions->errorHandler(8, 'Undefined varia...', 'C:\\Users\\hp\\Des...', 4, Array)
#1 C:\Users\hp\Desktop\belajar\vendor\codeigniter4\framework\system\View\View.php(246): include('C:\\Users\\hp\\Des...')
#2 C:\Users\hp\Desktop\belajar\vendor\codeigniter4\framework\system\Common.php(1119): CodeIgniter\View\View->render('home/index', Array, true)
#3 C:\Users\hp\Desktop\belajar\app\Controllers\Pages.php(11): view('home/index')
#4 C:\Users\hp\Desktop\belajar\vendor\codeigniter4\framework\system\CodeIgniter.php(918): App\Controllers\Pages->index()
#5 C:\Users\hp\Desktop\belajar\vendor\codeigniter4\framework\system\CodeIgniter.php(404): CodeIgniter\CodeIgniter->runController(Object(App\Controllers\Pages))
#6 C:\Users\hp\Desktop\belajar\vendor\codeigniter4\framework\system\CodeIgniter.php(312): CodeIgniter\CodeIgniter->handleRequest(NULL, Object(Config\Cache), false)
#7 C:\Users\hp\Desktop\belajar\public\index.php(45): CodeIgniter\CodeIgniter->run()
#8 C:\Users\hp\Desktop\belajar\vendor\codeigniter4\framework\system\Commands\Server\rewrite.php(34): require_once('C:\\Users\\hp\\Des...')
#9 {main}
CRITICAL - 2021-01-02 05:31:14 --> Undefined variable: judul
#0 C:\Users\hp\Desktop\belajar\app\Views\home\index.php(4): CodeIgniter\Debug\Exceptions->errorHandler(8, 'Undefined varia...', 'C:\\Users\\hp\\Des...', 4, Array)
#1 C:\Users\hp\Desktop\belajar\vendor\codeigniter4\framework\system\View\View.php(246): include('C:\\Users\\hp\\Des...')
#2 C:\Users\hp\Desktop\belajar\vendor\codeigniter4\framework\system\Common.php(1119): CodeIgniter\View\View->render('home/index', Array, true)
#3 C:\Users\hp\Desktop\belajar\app\Controllers\Pages.php(11): view('home/index')
#4 C:\Users\hp\Desktop\belajar\vendor\codeigniter4\framework\system\CodeIgniter.php(918): App\Controllers\Pages->index()
#5 C:\Users\hp\Desktop\belajar\vendor\codeigniter4\framework\system\CodeIgniter.php(404): CodeIgniter\CodeIgniter->runController(Object(App\Controllers\Pages))
#6 C:\Users\hp\Desktop\belajar\vendor\codeigniter4\framework\system\CodeIgniter.php(312): CodeIgniter\CodeIgniter->handleRequest(NULL, Object(Config\Cache), false)
#7 C:\Users\hp\Desktop\belajar\public\index.php(45): CodeIgniter\CodeIgniter->run()
#8 C:\Users\hp\Desktop\belajar\vendor\codeigniter4\framework\system\Commands\Server\rewrite.php(34): require_once('C:\\Users\\hp\\Des...')
#9 {main}
