CRITICAL - 2020-12-16 09:29:17 --> syntax error, unexpected ';'
#0 C:\xampp\htdocs\belajar\vendor\codeigniter4\framework\system\Router\Router.php(195): CodeIgniter\Router\Router->autoRoute('user/save')
#1 C:\xampp\htdocs\belajar\vendor\codeigniter4\framework\system\CodeIgniter.php(793): CodeIgniter\Router\Router->handle('user/save')
#2 C:\xampp\htdocs\belajar\vendor\codeigniter4\framework\system\CodeIgniter.php(364): CodeIgniter\CodeIgniter->tryToRouteIt(Object(CodeIgniter\Router\RouteCollection))
#3 C:\xampp\htdocs\belajar\vendor\codeigniter4\framework\system\CodeIgniter.php(312): CodeIgniter\CodeIgniter->handleRequest(NULL, Object(Config\Cache), false)
#4 C:\xampp\htdocs\belajar\public\index.php(45): CodeIgniter\CodeIgniter->run()
#5 C:\xampp\htdocs\belajar\vendor\codeigniter4\framework\system\Commands\Server\rewrite.php(34): require_once('C:\\xampp\\htdocs...')
#6 {main}
CRITICAL - 2020-12-16 09:29:59 --> syntax error, unexpected ';'
#0 C:\xampp\htdocs\belajar\vendor\codeigniter4\framework\system\Router\Router.php(195): CodeIgniter\Router\Router->autoRoute('user/input')
#1 C:\xampp\htdocs\belajar\vendor\codeigniter4\framework\system\CodeIgniter.php(793): CodeIgniter\Router\Router->handle('user/input')
#2 C:\xampp\htdocs\belajar\vendor\codeigniter4\framework\system\CodeIgniter.php(364): CodeIgniter\CodeIgniter->tryToRouteIt(Object(CodeIgniter\Router\RouteCollection))
#3 C:\xampp\htdocs\belajar\vendor\codeigniter4\framework\system\CodeIgniter.php(312): CodeIgniter\CodeIgniter->handleRequest(NULL, Object(Config\Cache), false)
#4 C:\xampp\htdocs\belajar\public\index.php(45): CodeIgniter\CodeIgniter->run()
#5 C:\xampp\htdocs\belajar\vendor\codeigniter4\framework\system\Commands\Server\rewrite.php(34): require_once('C:\\xampp\\htdocs...')
#6 {main}
CRITICAL - 2020-12-16 09:30:13 --> syntax error, unexpected ';'
#0 C:\xampp\htdocs\belajar\vendor\codeigniter4\framework\system\Router\Router.php(195): CodeIgniter\Router\Router->autoRoute('user')
#1 C:\xampp\htdocs\belajar\vendor\codeigniter4\framework\system\CodeIgniter.php(793): CodeIgniter\Router\Router->handle('user')
#2 C:\xampp\htdocs\belajar\vendor\codeigniter4\framework\system\CodeIgniter.php(364): CodeIgniter\CodeIgniter->tryToRouteIt(Object(CodeIgniter\Router\RouteCollection))
#3 C:\xampp\htdocs\belajar\vendor\codeigniter4\framework\system\CodeIgniter.php(312): CodeIgniter\CodeIgniter->handleRequest(NULL, Object(Config\Cache), false)
#4 C:\xampp\htdocs\belajar\public\index.php(45): CodeIgniter\CodeIgniter->run()
#5 C:\xampp\htdocs\belajar\vendor\codeigniter4\framework\system\Commands\Server\rewrite.php(34): require_once('C:\\xampp\\htdocs...')
#6 {main}
