CRITICAL - 2020-12-21 06:31:43 --> Table 'ci4login.jabarang' doesn't exist
#0 C:\xampp\htdocs\belajar\vendor\codeigniter4\framework\system\Database\MySQLi\Connection.php(331): mysqli->query('SELECT *\nFROM `...')
#1 C:\xampp\htdocs\belajar\vendor\codeigniter4\framework\system\Database\BaseConnection.php(741): CodeIgniter\Database\MySQLi\Connection->execute('SELECT *\nFROM `...')
#2 C:\xampp\htdocs\belajar\vendor\codeigniter4\framework\system\Database\BaseConnection.php(669): CodeIgniter\Database\BaseConnection->simpleQuery('SELECT *\nFROM `...')
#3 C:\xampp\htdocs\belajar\vendor\codeigniter4\framework\system\Database\BaseBuilder.php(1860): CodeIgniter\Database\BaseConnection->query('SELECT *\nFROM `...', Array, false)
#4 C:\xampp\htdocs\belajar\vendor\codeigniter4\framework\system\Model.php(462): CodeIgniter\Database\BaseBuilder->get()
#5 C:\xampp\htdocs\belajar\app\Controllers\User.php(16): CodeIgniter\Model->findAll()
#6 C:\xampp\htdocs\belajar\vendor\codeigniter4\framework\system\CodeIgniter.php(918): App\Controllers\User->index()
#7 C:\xampp\htdocs\belajar\vendor\codeigniter4\framework\system\CodeIgniter.php(404): CodeIgniter\CodeIgniter->runController(Object(App\Controllers\User))
#8 C:\xampp\htdocs\belajar\vendor\codeigniter4\framework\system\CodeIgniter.php(312): CodeIgniter\CodeIgniter->handleRequest(NULL, Object(Config\Cache), false)
#9 C:\xampp\htdocs\belajar\public\index.php(45): CodeIgniter\CodeIgniter->run()
#10 C:\xampp\htdocs\belajar\vendor\codeigniter4\framework\system\Commands\Server\rewrite.php(34): require_once('C:\\xampp\\htdocs...')
#11 {main}
CRITICAL - 2020-12-21 06:33:00 --> Table 'barangherbalife.users' doesn't exist
#0 C:\xampp\htdocs\belajar\vendor\codeigniter4\framework\system\Database\MySQLi\Connection.php(331): mysqli->query('SELECT *\nFROM `...')
#1 C:\xampp\htdocs\belajar\vendor\codeigniter4\framework\system\Database\BaseConnection.php(741): CodeIgniter\Database\MySQLi\Connection->execute('SELECT *\nFROM `...')
#2 C:\xampp\htdocs\belajar\vendor\codeigniter4\framework\system\Database\BaseConnection.php(669): CodeIgniter\Database\BaseConnection->simpleQuery('SELECT *\nFROM `...')
#3 C:\xampp\htdocs\belajar\vendor\codeigniter4\framework\system\Database\BaseBuilder.php(1860): CodeIgniter\Database\BaseConnection->query('SELECT *\nFROM `...', Array, false)
#4 C:\xampp\htdocs\belajar\vendor\codeigniter4\framework\system\Model.php(398): CodeIgniter\Database\BaseBuilder->get()
#5 C:\xampp\htdocs\belajar\vendor\myth\auth\src\Authentication\AuthenticationBase.php(137): CodeIgniter\Model->find('1')
#6 C:\xampp\htdocs\belajar\vendor\myth\auth\src\Authentication\LocalAuthenticator.php(70): Myth\Auth\Authentication\AuthenticationBase->isLoggedIn()
#7 C:\xampp\htdocs\belajar\vendor\myth\auth\src\Filters\LoginFilter.php(44): Myth\Auth\Authentication\LocalAuthenticator->check()
#8 C:\xampp\htdocs\belajar\vendor\codeigniter4\framework\system\Filters\Filters.php(173): Myth\Auth\Filters\LoginFilter->before(Object(CodeIgniter\HTTP\IncomingRequest), NULL)
#9 C:\xampp\htdocs\belajar\vendor\codeigniter4\framework\system\CodeIgniter.php(382): CodeIgniter\Filters\Filters->run('user', 'before')
#10 C:\xampp\htdocs\belajar\vendor\codeigniter4\framework\system\CodeIgniter.php(312): CodeIgniter\CodeIgniter->handleRequest(NULL, Object(Config\Cache), false)
#11 C:\xampp\htdocs\belajar\public\index.php(45): CodeIgniter\CodeIgniter->run()
#12 C:\xampp\htdocs\belajar\vendor\codeigniter4\framework\system\Commands\Server\rewrite.php(34): require_once('C:\\xampp\\htdocs...')
#13 {main}
CRITICAL - 2020-12-21 06:33:22 --> Table 'ci4login.jabarang' doesn't exist
#0 C:\xampp\htdocs\belajar\vendor\codeigniter4\framework\system\Database\MySQLi\Connection.php(331): mysqli->query('SELECT *\nFROM `...')
#1 C:\xampp\htdocs\belajar\vendor\codeigniter4\framework\system\Database\BaseConnection.php(741): CodeIgniter\Database\MySQLi\Connection->execute('SELECT *\nFROM `...')
#2 C:\xampp\htdocs\belajar\vendor\codeigniter4\framework\system\Database\BaseConnection.php(669): CodeIgniter\Database\BaseConnection->simpleQuery('SELECT *\nFROM `...')
#3 C:\xampp\htdocs\belajar\vendor\codeigniter4\framework\system\Database\BaseBuilder.php(1860): CodeIgniter\Database\BaseConnection->query('SELECT *\nFROM `...', Array, false)
#4 C:\xampp\htdocs\belajar\vendor\codeigniter4\framework\system\Model.php(462): CodeIgniter\Database\BaseBuilder->get()
#5 C:\xampp\htdocs\belajar\app\Controllers\User.php(16): CodeIgniter\Model->findAll()
#6 C:\xampp\htdocs\belajar\vendor\codeigniter4\framework\system\CodeIgniter.php(918): App\Controllers\User->index()
#7 C:\xampp\htdocs\belajar\vendor\codeigniter4\framework\system\CodeIgniter.php(404): CodeIgniter\CodeIgniter->runController(Object(App\Controllers\User))
#8 C:\xampp\htdocs\belajar\vendor\codeigniter4\framework\system\CodeIgniter.php(312): CodeIgniter\CodeIgniter->handleRequest(NULL, Object(Config\Cache), false)
#9 C:\xampp\htdocs\belajar\public\index.php(45): CodeIgniter\CodeIgniter->run()
#10 C:\xampp\htdocs\belajar\vendor\codeigniter4\framework\system\Commands\Server\rewrite.php(34): require_once('C:\\xampp\\htdocs...')
#11 {main}
CRITICAL - 2020-12-21 06:37:14 --> Table 'ci4login.jabarang' doesn't exist
#0 C:\xampp\htdocs\belajar\vendor\codeigniter4\framework\system\Database\MySQLi\Connection.php(331): mysqli->query('SELECT *\nFROM `...')
#1 C:\xampp\htdocs\belajar\vendor\codeigniter4\framework\system\Database\BaseConnection.php(741): CodeIgniter\Database\MySQLi\Connection->execute('SELECT *\nFROM `...')
#2 C:\xampp\htdocs\belajar\vendor\codeigniter4\framework\system\Database\BaseConnection.php(669): CodeIgniter\Database\BaseConnection->simpleQuery('SELECT *\nFROM `...')
#3 C:\xampp\htdocs\belajar\vendor\codeigniter4\framework\system\Database\BaseBuilder.php(1860): CodeIgniter\Database\BaseConnection->query('SELECT *\nFROM `...', Array, false)
#4 C:\xampp\htdocs\belajar\vendor\codeigniter4\framework\system\Model.php(462): CodeIgniter\Database\BaseBuilder->get()
#5 C:\xampp\htdocs\belajar\app\Controllers\User.php(16): CodeIgniter\Model->findAll()
#6 C:\xampp\htdocs\belajar\vendor\codeigniter4\framework\system\CodeIgniter.php(918): App\Controllers\User->index()
#7 C:\xampp\htdocs\belajar\vendor\codeigniter4\framework\system\CodeIgniter.php(404): CodeIgniter\CodeIgniter->runController(Object(App\Controllers\User))
#8 C:\xampp\htdocs\belajar\vendor\codeigniter4\framework\system\CodeIgniter.php(312): CodeIgniter\CodeIgniter->handleRequest(NULL, Object(Config\Cache), false)
#9 C:\xampp\htdocs\belajar\public\index.php(45): CodeIgniter\CodeIgniter->run()
#10 C:\xampp\htdocs\belajar\vendor\codeigniter4\framework\system\Commands\Server\rewrite.php(34): require_once('C:\\xampp\\htdocs...')
#11 {main}
CRITICAL - 2020-12-21 06:37:18 --> Table 'ci4login.jabarang' doesn't exist
#0 C:\xampp\htdocs\belajar\vendor\codeigniter4\framework\system\Database\MySQLi\Connection.php(331): mysqli->query('SELECT *\nFROM `...')
#1 C:\xampp\htdocs\belajar\vendor\codeigniter4\framework\system\Database\BaseConnection.php(741): CodeIgniter\Database\MySQLi\Connection->execute('SELECT *\nFROM `...')
#2 C:\xampp\htdocs\belajar\vendor\codeigniter4\framework\system\Database\BaseConnection.php(669): CodeIgniter\Database\BaseConnection->simpleQuery('SELECT *\nFROM `...')
#3 C:\xampp\htdocs\belajar\vendor\codeigniter4\framework\system\Database\BaseBuilder.php(1860): CodeIgniter\Database\BaseConnection->query('SELECT *\nFROM `...', Array, false)
#4 C:\xampp\htdocs\belajar\vendor\codeigniter4\framework\system\Model.php(462): CodeIgniter\Database\BaseBuilder->get()
#5 C:\xampp\htdocs\belajar\app\Controllers\User.php(16): CodeIgniter\Model->findAll()
#6 C:\xampp\htdocs\belajar\vendor\codeigniter4\framework\system\CodeIgniter.php(918): App\Controllers\User->index()
#7 C:\xampp\htdocs\belajar\vendor\codeigniter4\framework\system\CodeIgniter.php(404): CodeIgniter\CodeIgniter->runController(Object(App\Controllers\User))
#8 C:\xampp\htdocs\belajar\vendor\codeigniter4\framework\system\CodeIgniter.php(312): CodeIgniter\CodeIgniter->handleRequest(NULL, Object(Config\Cache), false)
#9 C:\xampp\htdocs\belajar\public\index.php(45): CodeIgniter\CodeIgniter->run()
#10 C:\xampp\htdocs\belajar\vendor\codeigniter4\framework\system\Commands\Server\rewrite.php(34): require_once('C:\\xampp\\htdocs...')
#11 {main}
CRITICAL - 2020-12-21 06:37:49 --> Table 'ci4login.jabarang' doesn't exist
#0 C:\xampp\htdocs\belajar\vendor\codeigniter4\framework\system\Database\MySQLi\Connection.php(331): mysqli->query('SELECT *\nFROM `...')
#1 C:\xampp\htdocs\belajar\vendor\codeigniter4\framework\system\Database\BaseConnection.php(741): CodeIgniter\Database\MySQLi\Connection->execute('SELECT *\nFROM `...')
#2 C:\xampp\htdocs\belajar\vendor\codeigniter4\framework\system\Database\BaseConnection.php(669): CodeIgniter\Database\BaseConnection->simpleQuery('SELECT *\nFROM `...')
#3 C:\xampp\htdocs\belajar\vendor\codeigniter4\framework\system\Database\BaseBuilder.php(1860): CodeIgniter\Database\BaseConnection->query('SELECT *\nFROM `...', Array, false)
#4 C:\xampp\htdocs\belajar\vendor\codeigniter4\framework\system\Model.php(462): CodeIgniter\Database\BaseBuilder->get()
#5 C:\xampp\htdocs\belajar\app\Controllers\User.php(16): CodeIgniter\Model->findAll()
#6 C:\xampp\htdocs\belajar\vendor\codeigniter4\framework\system\CodeIgniter.php(918): App\Controllers\User->index()
#7 C:\xampp\htdocs\belajar\vendor\codeigniter4\framework\system\CodeIgniter.php(404): CodeIgniter\CodeIgniter->runController(Object(App\Controllers\User))
#8 C:\xampp\htdocs\belajar\vendor\codeigniter4\framework\system\CodeIgniter.php(312): CodeIgniter\CodeIgniter->handleRequest(NULL, Object(Config\Cache), false)
#9 C:\xampp\htdocs\belajar\public\index.php(45): CodeIgniter\CodeIgniter->run()
#10 C:\xampp\htdocs\belajar\vendor\codeigniter4\framework\system\Commands\Server\rewrite.php(34): require_once('C:\\xampp\\htdocs...')
#11 {main}
CRITICAL - 2020-12-21 06:38:45 --> Table 'ci4login.jabarang' doesn't exist
#0 C:\xampp\htdocs\belajar\vendor\codeigniter4\framework\system\Database\MySQLi\Connection.php(331): mysqli->query('SELECT *\nFROM `...')
#1 C:\xampp\htdocs\belajar\vendor\codeigniter4\framework\system\Database\BaseConnection.php(741): CodeIgniter\Database\MySQLi\Connection->execute('SELECT *\nFROM `...')
#2 C:\xampp\htdocs\belajar\vendor\codeigniter4\framework\system\Database\BaseConnection.php(669): CodeIgniter\Database\BaseConnection->simpleQuery('SELECT *\nFROM `...')
#3 C:\xampp\htdocs\belajar\vendor\codeigniter4\framework\system\Database\BaseBuilder.php(1860): CodeIgniter\Database\BaseConnection->query('SELECT *\nFROM `...', Array, false)
#4 C:\xampp\htdocs\belajar\vendor\codeigniter4\framework\system\Model.php(462): CodeIgniter\Database\BaseBuilder->get()
#5 C:\xampp\htdocs\belajar\app\Controllers\User.php(16): CodeIgniter\Model->findAll()
#6 C:\xampp\htdocs\belajar\vendor\codeigniter4\framework\system\CodeIgniter.php(918): App\Controllers\User->index()
#7 C:\xampp\htdocs\belajar\vendor\codeigniter4\framework\system\CodeIgniter.php(404): CodeIgniter\CodeIgniter->runController(Object(App\Controllers\User))
#8 C:\xampp\htdocs\belajar\vendor\codeigniter4\framework\system\CodeIgniter.php(312): CodeIgniter\CodeIgniter->handleRequest(NULL, Object(Config\Cache), false)
#9 C:\xampp\htdocs\belajar\public\index.php(45): CodeIgniter\CodeIgniter->run()
#10 C:\xampp\htdocs\belajar\vendor\codeigniter4\framework\system\Commands\Server\rewrite.php(34): require_once('C:\\xampp\\htdocs...')
#11 {main}
CRITICAL - 2020-12-21 06:56:35 --> Illegal string offset 'namabarang'
#0 C:\xampp\htdocs\belajar\app\Views\user\index.php(156): CodeIgniter\Debug\Exceptions->errorHandler(2, 'Illegal string ...', 'C:\\xampp\\htdocs...', 156, Array)
#1 C:\xampp\htdocs\belajar\vendor\codeigniter4\framework\system\View\View.php(246): include('C:\\xampp\\htdocs...')
#2 C:\xampp\htdocs\belajar\vendor\codeigniter4\framework\system\Common.php(1119): CodeIgniter\View\View->render('user/index', Array, true)
#3 C:\xampp\htdocs\belajar\app\Controllers\User.php(22): view('user/index', Array)
#4 C:\xampp\htdocs\belajar\vendor\codeigniter4\framework\system\CodeIgniter.php(918): App\Controllers\User->index()
#5 C:\xampp\htdocs\belajar\vendor\codeigniter4\framework\system\CodeIgniter.php(404): CodeIgniter\CodeIgniter->runController(Object(App\Controllers\User))
#6 C:\xampp\htdocs\belajar\vendor\codeigniter4\framework\system\CodeIgniter.php(312): CodeIgniter\CodeIgniter->handleRequest(NULL, Object(Config\Cache), false)
#7 C:\xampp\htdocs\belajar\public\index.php(45): CodeIgniter\CodeIgniter->run()
#8 C:\xampp\htdocs\belajar\vendor\codeigniter4\framework\system\Commands\Server\rewrite.php(34): require_once('C:\\xampp\\htdocs...')
#9 {main}
CRITICAL - 2020-12-21 06:57:42 --> Illegal string offset 'namabarang'
#0 C:\xampp\htdocs\belajar\app\Views\user\index.php(156): CodeIgniter\Debug\Exceptions->errorHandler(2, 'Illegal string ...', 'C:\\xampp\\htdocs...', 156, Array)
#1 C:\xampp\htdocs\belajar\vendor\codeigniter4\framework\system\View\View.php(246): include('C:\\xampp\\htdocs...')
#2 C:\xampp\htdocs\belajar\vendor\codeigniter4\framework\system\Common.php(1119): CodeIgniter\View\View->render('user/index', Array, true)
#3 C:\xampp\htdocs\belajar\app\Controllers\User.php(22): view('user/index', Array)
#4 C:\xampp\htdocs\belajar\vendor\codeigniter4\framework\system\CodeIgniter.php(918): App\Controllers\User->index()
#5 C:\xampp\htdocs\belajar\vendor\codeigniter4\framework\system\CodeIgniter.php(404): CodeIgniter\CodeIgniter->runController(Object(App\Controllers\User))
#6 C:\xampp\htdocs\belajar\vendor\codeigniter4\framework\system\CodeIgniter.php(312): CodeIgniter\CodeIgniter->handleRequest(NULL, Object(Config\Cache), false)
#7 C:\xampp\htdocs\belajar\public\index.php(45): CodeIgniter\CodeIgniter->run()
#8 C:\xampp\htdocs\belajar\vendor\codeigniter4\framework\system\Commands\Server\rewrite.php(34): require_once('C:\\xampp\\htdocs...')
#9 {main}
CRITICAL - 2020-12-21 06:57:45 --> Illegal string offset 'namabarang'
#0 C:\xampp\htdocs\belajar\app\Views\user\index.php(156): CodeIgniter\Debug\Exceptions->errorHandler(2, 'Illegal string ...', 'C:\\xampp\\htdocs...', 156, Array)
#1 C:\xampp\htdocs\belajar\vendor\codeigniter4\framework\system\View\View.php(246): include('C:\\xampp\\htdocs...')
#2 C:\xampp\htdocs\belajar\vendor\codeigniter4\framework\system\Common.php(1119): CodeIgniter\View\View->render('user/index', Array, true)
#3 C:\xampp\htdocs\belajar\app\Controllers\User.php(22): view('user/index', Array)
#4 C:\xampp\htdocs\belajar\vendor\codeigniter4\framework\system\CodeIgniter.php(918): App\Controllers\User->index()
#5 C:\xampp\htdocs\belajar\vendor\codeigniter4\framework\system\CodeIgniter.php(404): CodeIgniter\CodeIgniter->runController(Object(App\Controllers\User))
#6 C:\xampp\htdocs\belajar\vendor\codeigniter4\framework\system\CodeIgniter.php(312): CodeIgniter\CodeIgniter->handleRequest(NULL, Object(Config\Cache), false)
#7 C:\xampp\htdocs\belajar\public\index.php(45): CodeIgniter\CodeIgniter->run()
#8 C:\xampp\htdocs\belajar\vendor\codeigniter4\framework\system\Commands\Server\rewrite.php(34): require_once('C:\\xampp\\htdocs...')
#9 {main}
CRITICAL - 2020-12-21 07:03:46 --> Undefined variable: JModel
#0 C:\xampp\htdocs\belajar\app\Views\user\index.php(165): CodeIgniter\Debug\Exceptions->errorHandler(8, 'Undefined varia...', 'C:\\xampp\\htdocs...', 165, Array)
#1 C:\xampp\htdocs\belajar\vendor\codeigniter4\framework\system\View\View.php(246): include('C:\\xampp\\htdocs...')
#2 C:\xampp\htdocs\belajar\vendor\codeigniter4\framework\system\Common.php(1119): CodeIgniter\View\View->render('user/index', Array, true)
#3 C:\xampp\htdocs\belajar\app\Controllers\User.php(22): view('user/index', Array)
#4 C:\xampp\htdocs\belajar\vendor\codeigniter4\framework\system\CodeIgniter.php(918): App\Controllers\User->index()
#5 C:\xampp\htdocs\belajar\vendor\codeigniter4\framework\system\CodeIgniter.php(404): CodeIgniter\CodeIgniter->runController(Object(App\Controllers\User))
#6 C:\xampp\htdocs\belajar\vendor\codeigniter4\framework\system\CodeIgniter.php(312): CodeIgniter\CodeIgniter->handleRequest(NULL, Object(Config\Cache), false)
#7 C:\xampp\htdocs\belajar\public\index.php(45): CodeIgniter\CodeIgniter->run()
#8 C:\xampp\htdocs\belajar\vendor\codeigniter4\framework\system\Commands\Server\rewrite.php(34): require_once('C:\\xampp\\htdocs...')
#9 {main}
CRITICAL - 2020-12-21 07:03:49 --> Undefined variable: JModel
#0 C:\xampp\htdocs\belajar\app\Views\user\index.php(165): CodeIgniter\Debug\Exceptions->errorHandler(8, 'Undefined varia...', 'C:\\xampp\\htdocs...', 165, Array)
#1 C:\xampp\htdocs\belajar\vendor\codeigniter4\framework\system\View\View.php(246): include('C:\\xampp\\htdocs...')
#2 C:\xampp\htdocs\belajar\vendor\codeigniter4\framework\system\Common.php(1119): CodeIgniter\View\View->render('user/index', Array, true)
#3 C:\xampp\htdocs\belajar\app\Controllers\User.php(22): view('user/index', Array)
#4 C:\xampp\htdocs\belajar\vendor\codeigniter4\framework\system\CodeIgniter.php(918): App\Controllers\User->index()
#5 C:\xampp\htdocs\belajar\vendor\codeigniter4\framework\system\CodeIgniter.php(404): CodeIgniter\CodeIgniter->runController(Object(App\Controllers\User))
#6 C:\xampp\htdocs\belajar\vendor\codeigniter4\framework\system\CodeIgniter.php(312): CodeIgniter\CodeIgniter->handleRequest(NULL, Object(Config\Cache), false)
#7 C:\xampp\htdocs\belajar\public\index.php(45): CodeIgniter\CodeIgniter->run()
#8 C:\xampp\htdocs\belajar\vendor\codeigniter4\framework\system\Commands\Server\rewrite.php(34): require_once('C:\\xampp\\htdocs...')
#9 {main}
CRITICAL - 2020-12-21 07:04:41 --> Undefined variable: jumlah
#0 C:\xampp\htdocs\belajar\app\Views\user\index.php(165): CodeIgniter\Debug\Exceptions->errorHandler(8, 'Undefined varia...', 'C:\\xampp\\htdocs...', 165, Array)
#1 C:\xampp\htdocs\belajar\vendor\codeigniter4\framework\system\View\View.php(246): include('C:\\xampp\\htdocs...')
#2 C:\xampp\htdocs\belajar\vendor\codeigniter4\framework\system\Common.php(1119): CodeIgniter\View\View->render('user/index', Array, true)
#3 C:\xampp\htdocs\belajar\app\Controllers\User.php(22): view('user/index', Array)
#4 C:\xampp\htdocs\belajar\vendor\codeigniter4\framework\system\CodeIgniter.php(918): App\Controllers\User->index()
#5 C:\xampp\htdocs\belajar\vendor\codeigniter4\framework\system\CodeIgniter.php(404): CodeIgniter\CodeIgniter->runController(Object(App\Controllers\User))
#6 C:\xampp\htdocs\belajar\vendor\codeigniter4\framework\system\CodeIgniter.php(312): CodeIgniter\CodeIgniter->handleRequest(NULL, Object(Config\Cache), false)
#7 C:\xampp\htdocs\belajar\public\index.php(45): CodeIgniter\CodeIgniter->run()
#8 C:\xampp\htdocs\belajar\vendor\codeigniter4\framework\system\Commands\Server\rewrite.php(34): require_once('C:\\xampp\\htdocs...')
#9 {main}
CRITICAL - 2020-12-21 07:06:52 --> Trying to access array offset on value of type null
#0 C:\xampp\htdocs\belajar\app\Views\user\index.php(168): CodeIgniter\Debug\Exceptions->errorHandler(8, 'Trying to acces...', 'C:\\xampp\\htdocs...', 168, Array)
#1 C:\xampp\htdocs\belajar\vendor\codeigniter4\framework\system\View\View.php(246): include('C:\\xampp\\htdocs...')
#2 C:\xampp\htdocs\belajar\vendor\codeigniter4\framework\system\Common.php(1119): CodeIgniter\View\View->render(NULL, Array, true)
#3 C:\xampp\htdocs\belajar\app\Controllers\User.php(22): view('user/index', Array)
#4 C:\xampp\htdocs\belajar\vendor\codeigniter4\framework\system\CodeIgniter.php(918): App\Controllers\User->index()
#5 C:\xampp\htdocs\belajar\vendor\codeigniter4\framework\system\CodeIgniter.php(404): CodeIgniter\CodeIgniter->runController(Object(App\Controllers\User))
#6 C:\xampp\htdocs\belajar\vendor\codeigniter4\framework\system\CodeIgniter.php(312): CodeIgniter\CodeIgniter->handleRequest(NULL, Object(Config\Cache), false)
#7 C:\xampp\htdocs\belajar\public\index.php(45): CodeIgniter\CodeIgniter->run()
#8 C:\xampp\htdocs\belajar\vendor\codeigniter4\framework\system\Commands\Server\rewrite.php(34): require_once('C:\\xampp\\htdocs...')
#9 {main}
CRITICAL - 2020-12-21 07:07:27 --> Trying to access array offset on value of type null
#0 C:\xampp\htdocs\belajar\app\Views\user\index.php(168): CodeIgniter\Debug\Exceptions->errorHandler(8, 'Trying to acces...', 'C:\\xampp\\htdocs...', 168, Array)
#1 C:\xampp\htdocs\belajar\vendor\codeigniter4\framework\system\View\View.php(246): include('C:\\xampp\\htdocs...')
#2 C:\xampp\htdocs\belajar\vendor\codeigniter4\framework\system\Common.php(1119): CodeIgniter\View\View->render(NULL, Array, true)
#3 C:\xampp\htdocs\belajar\app\Controllers\User.php(22): view('user/index', Array)
#4 C:\xampp\htdocs\belajar\vendor\codeigniter4\framework\system\CodeIgniter.php(918): App\Controllers\User->index()
#5 C:\xampp\htdocs\belajar\vendor\codeigniter4\framework\system\CodeIgniter.php(404): CodeIgniter\CodeIgniter->runController(Object(App\Controllers\User))
#6 C:\xampp\htdocs\belajar\vendor\codeigniter4\framework\system\CodeIgniter.php(312): CodeIgniter\CodeIgniter->handleRequest(NULL, Object(Config\Cache), false)
#7 C:\xampp\htdocs\belajar\public\index.php(45): CodeIgniter\CodeIgniter->run()
#8 C:\xampp\htdocs\belajar\vendor\codeigniter4\framework\system\Commands\Server\rewrite.php(34): require_once('C:\\xampp\\htdocs...')
#9 {main}
CRITICAL - 2020-12-21 07:58:58 --> Undefined variable: rekap
#0 C:\xampp\htdocs\belajar\app\Views\user\penjualan.php(156): CodeIgniter\Debug\Exceptions->errorHandler(8, 'Undefined varia...', 'C:\\xampp\\htdocs...', 156, Array)
#1 C:\xampp\htdocs\belajar\vendor\codeigniter4\framework\system\View\View.php(246): include('C:\\xampp\\htdocs...')
#2 C:\xampp\htdocs\belajar\vendor\codeigniter4\framework\system\Common.php(1119): CodeIgniter\View\View->render('user/penjualan', Array, true)
#3 C:\xampp\htdocs\belajar\app\Controllers\User.php(45): view('user/penjualan', Array)
#4 C:\xampp\htdocs\belajar\vendor\codeigniter4\framework\system\CodeIgniter.php(918): App\Controllers\User->penjualan()
#5 C:\xampp\htdocs\belajar\vendor\codeigniter4\framework\system\CodeIgniter.php(404): CodeIgniter\CodeIgniter->runController(Object(App\Controllers\User))
#6 C:\xampp\htdocs\belajar\vendor\codeigniter4\framework\system\CodeIgniter.php(312): CodeIgniter\CodeIgniter->handleRequest(NULL, Object(Config\Cache), false)
#7 C:\xampp\htdocs\belajar\public\index.php(45): CodeIgniter\CodeIgniter->run()
#8 C:\xampp\htdocs\belajar\vendor\codeigniter4\framework\system\Commands\Server\rewrite.php(34): require_once('C:\\xampp\\htdocs...')
#9 {main}
CRITICAL - 2020-12-21 07:59:04 --> Undefined variable: rekap
#0 C:\xampp\htdocs\belajar\app\Views\user\penjualan.php(156): CodeIgniter\Debug\Exceptions->errorHandler(8, 'Undefined varia...', 'C:\\xampp\\htdocs...', 156, Array)
#1 C:\xampp\htdocs\belajar\vendor\codeigniter4\framework\system\View\View.php(246): include('C:\\xampp\\htdocs...')
#2 C:\xampp\htdocs\belajar\vendor\codeigniter4\framework\system\Common.php(1119): CodeIgniter\View\View->render('user/penjualan', Array, true)
#3 C:\xampp\htdocs\belajar\app\Controllers\User.php(45): view('user/penjualan', Array)
#4 C:\xampp\htdocs\belajar\vendor\codeigniter4\framework\system\CodeIgniter.php(918): App\Controllers\User->penjualan()
#5 C:\xampp\htdocs\belajar\vendor\codeigniter4\framework\system\CodeIgniter.php(404): CodeIgniter\CodeIgniter->runController(Object(App\Controllers\User))
#6 C:\xampp\htdocs\belajar\vendor\codeigniter4\framework\system\CodeIgniter.php(312): CodeIgniter\CodeIgniter->handleRequest(NULL, Object(Config\Cache), false)
#7 C:\xampp\htdocs\belajar\public\index.php(45): CodeIgniter\CodeIgniter->run()
#8 C:\xampp\htdocs\belajar\vendor\codeigniter4\framework\system\Commands\Server\rewrite.php(34): require_once('C:\\xampp\\htdocs...')
#9 {main}
CRITICAL - 2020-12-21 07:59:30 --> Undefined variable: rekap
#0 C:\xampp\htdocs\belajar\app\Views\user\penjualan.php(156): CodeIgniter\Debug\Exceptions->errorHandler(8, 'Undefined varia...', 'C:\\xampp\\htdocs...', 156, Array)
#1 C:\xampp\htdocs\belajar\vendor\codeigniter4\framework\system\View\View.php(246): include('C:\\xampp\\htdocs...')
#2 C:\xampp\htdocs\belajar\vendor\codeigniter4\framework\system\Common.php(1119): CodeIgniter\View\View->render('user/penjualan', Array, true)
#3 C:\xampp\htdocs\belajar\app\Controllers\User.php(45): view('user/penjualan', Array)
#4 C:\xampp\htdocs\belajar\vendor\codeigniter4\framework\system\CodeIgniter.php(918): App\Controllers\User->penjualan()
#5 C:\xampp\htdocs\belajar\vendor\codeigniter4\framework\system\CodeIgniter.php(404): CodeIgniter\CodeIgniter->runController(Object(App\Controllers\User))
#6 C:\xampp\htdocs\belajar\vendor\codeigniter4\framework\system\CodeIgniter.php(312): CodeIgniter\CodeIgniter->handleRequest(NULL, Object(Config\Cache), false)
#7 C:\xampp\htdocs\belajar\public\index.php(45): CodeIgniter\CodeIgniter->run()
#8 C:\xampp\htdocs\belajar\vendor\codeigniter4\framework\system\Commands\Server\rewrite.php(34): require_once('C:\\xampp\\htdocs...')
#9 {main}
CRITICAL - 2020-12-21 07:59:35 --> Undefined variable: rekap
#0 C:\xampp\htdocs\belajar\app\Views\user\penjualan.php(156): CodeIgniter\Debug\Exceptions->errorHandler(8, 'Undefined varia...', 'C:\\xampp\\htdocs...', 156, Array)
#1 C:\xampp\htdocs\belajar\vendor\codeigniter4\framework\system\View\View.php(246): include('C:\\xampp\\htdocs...')
#2 C:\xampp\htdocs\belajar\vendor\codeigniter4\framework\system\Common.php(1119): CodeIgniter\View\View->render('user/penjualan', Array, true)
#3 C:\xampp\htdocs\belajar\app\Controllers\User.php(45): view('user/penjualan', Array)
#4 C:\xampp\htdocs\belajar\vendor\codeigniter4\framework\system\CodeIgniter.php(918): App\Controllers\User->penjualan()
#5 C:\xampp\htdocs\belajar\vendor\codeigniter4\framework\system\CodeIgniter.php(404): CodeIgniter\CodeIgniter->runController(Object(App\Controllers\User))
#6 C:\xampp\htdocs\belajar\vendor\codeigniter4\framework\system\CodeIgniter.php(312): CodeIgniter\CodeIgniter->handleRequest(NULL, Object(Config\Cache), false)
#7 C:\xampp\htdocs\belajar\public\index.php(45): CodeIgniter\CodeIgniter->run()
#8 C:\xampp\htdocs\belajar\vendor\codeigniter4\framework\system\Commands\Server\rewrite.php(34): require_once('C:\\xampp\\htdocs...')
#9 {main}
CRITICAL - 2020-12-21 08:00:49 --> Undefined variable: rekap
#0 C:\xampp\htdocs\belajar\app\Views\user\penjualan.php(156): CodeIgniter\Debug\Exceptions->errorHandler(8, 'Undefined varia...', 'C:\\xampp\\htdocs...', 156, Array)
#1 C:\xampp\htdocs\belajar\vendor\codeigniter4\framework\system\View\View.php(246): include('C:\\xampp\\htdocs...')
#2 C:\xampp\htdocs\belajar\vendor\codeigniter4\framework\system\Common.php(1119): CodeIgniter\View\View->render('user/penjualan', Array, true)
#3 C:\xampp\htdocs\belajar\app\Controllers\User.php(45): view('user/penjualan', Array)
#4 C:\xampp\htdocs\belajar\vendor\codeigniter4\framework\system\CodeIgniter.php(918): App\Controllers\User->penjualan()
#5 C:\xampp\htdocs\belajar\vendor\codeigniter4\framework\system\CodeIgniter.php(404): CodeIgniter\CodeIgniter->runController(Object(App\Controllers\User))
#6 C:\xampp\htdocs\belajar\vendor\codeigniter4\framework\system\CodeIgniter.php(312): CodeIgniter\CodeIgniter->handleRequest(NULL, Object(Config\Cache), false)
#7 C:\xampp\htdocs\belajar\public\index.php(45): CodeIgniter\CodeIgniter->run()
#8 C:\xampp\htdocs\belajar\vendor\codeigniter4\framework\system\Commands\Server\rewrite.php(34): require_once('C:\\xampp\\htdocs...')
#9 {main}
CRITICAL - 2020-12-21 08:00:54 --> Undefined variable: rekap
#0 C:\xampp\htdocs\belajar\app\Views\user\penjualan.php(156): CodeIgniter\Debug\Exceptions->errorHandler(8, 'Undefined varia...', 'C:\\xampp\\htdocs...', 156, Array)
#1 C:\xampp\htdocs\belajar\vendor\codeigniter4\framework\system\View\View.php(246): include('C:\\xampp\\htdocs...')
#2 C:\xampp\htdocs\belajar\vendor\codeigniter4\framework\system\Common.php(1119): CodeIgniter\View\View->render('user/penjualan', Array, true)
#3 C:\xampp\htdocs\belajar\app\Controllers\User.php(45): view('user/penjualan', Array)
#4 C:\xampp\htdocs\belajar\vendor\codeigniter4\framework\system\CodeIgniter.php(918): App\Controllers\User->penjualan()
#5 C:\xampp\htdocs\belajar\vendor\codeigniter4\framework\system\CodeIgniter.php(404): CodeIgniter\CodeIgniter->runController(Object(App\Controllers\User))
#6 C:\xampp\htdocs\belajar\vendor\codeigniter4\framework\system\CodeIgniter.php(312): CodeIgniter\CodeIgniter->handleRequest(NULL, Object(Config\Cache), false)
#7 C:\xampp\htdocs\belajar\public\index.php(45): CodeIgniter\CodeIgniter->run()
#8 C:\xampp\htdocs\belajar\vendor\codeigniter4\framework\system\Commands\Server\rewrite.php(34): require_once('C:\\xampp\\htdocs...')
#9 {main}
CRITICAL - 2020-12-21 08:01:45 --> Undefined variable: rekap
#0 C:\xampp\htdocs\belajar\app\Views\user\penjualan.php(156): CodeIgniter\Debug\Exceptions->errorHandler(8, 'Undefined varia...', 'C:\\xampp\\htdocs...', 156, Array)
#1 C:\xampp\htdocs\belajar\vendor\codeigniter4\framework\system\View\View.php(246): include('C:\\xampp\\htdocs...')
#2 C:\xampp\htdocs\belajar\vendor\codeigniter4\framework\system\Common.php(1119): CodeIgniter\View\View->render('user/penjualan', Array, true)
#3 C:\xampp\htdocs\belajar\app\Controllers\User.php(45): view('user/penjualan', Array)
#4 C:\xampp\htdocs\belajar\vendor\codeigniter4\framework\system\CodeIgniter.php(918): App\Controllers\User->penjualan()
#5 C:\xampp\htdocs\belajar\vendor\codeigniter4\framework\system\CodeIgniter.php(404): CodeIgniter\CodeIgniter->runController(Object(App\Controllers\User))
#6 C:\xampp\htdocs\belajar\vendor\codeigniter4\framework\system\CodeIgniter.php(312): CodeIgniter\CodeIgniter->handleRequest(NULL, Object(Config\Cache), false)
#7 C:\xampp\htdocs\belajar\public\index.php(45): CodeIgniter\CodeIgniter->run()
#8 C:\xampp\htdocs\belajar\vendor\codeigniter4\framework\system\Commands\Server\rewrite.php(34): require_once('C:\\xampp\\htdocs...')
#9 {main}
CRITICAL - 2020-12-21 08:02:09 --> Undefined variable: rekap
#0 C:\xampp\htdocs\belajar\app\Views\user\penjualan.php(156): CodeIgniter\Debug\Exceptions->errorHandler(8, 'Undefined varia...', 'C:\\xampp\\htdocs...', 156, Array)
#1 C:\xampp\htdocs\belajar\vendor\codeigniter4\framework\system\View\View.php(246): include('C:\\xampp\\htdocs...')
#2 C:\xampp\htdocs\belajar\vendor\codeigniter4\framework\system\Common.php(1119): CodeIgniter\View\View->render('user/penjualan', Array, true)
#3 C:\xampp\htdocs\belajar\app\Controllers\User.php(45): view('user/penjualan', Array)
#4 C:\xampp\htdocs\belajar\vendor\codeigniter4\framework\system\CodeIgniter.php(918): App\Controllers\User->penjualan()
#5 C:\xampp\htdocs\belajar\vendor\codeigniter4\framework\system\CodeIgniter.php(404): CodeIgniter\CodeIgniter->runController(Object(App\Controllers\User))
#6 C:\xampp\htdocs\belajar\vendor\codeigniter4\framework\system\CodeIgniter.php(312): CodeIgniter\CodeIgniter->handleRequest(NULL, Object(Config\Cache), false)
#7 C:\xampp\htdocs\belajar\public\index.php(45): CodeIgniter\CodeIgniter->run()
#8 C:\xampp\htdocs\belajar\vendor\codeigniter4\framework\system\Commands\Server\rewrite.php(34): require_once('C:\\xampp\\htdocs...')
#9 {main}
CRITICAL - 2020-12-21 08:03:05 --> Undefined variable: rekap
#0 C:\xampp\htdocs\belajar\app\Views\user\penjualan.php(156): CodeIgniter\Debug\Exceptions->errorHandler(8, 'Undefined varia...', 'C:\\xampp\\htdocs...', 156, Array)
#1 C:\xampp\htdocs\belajar\vendor\codeigniter4\framework\system\View\View.php(246): include('C:\\xampp\\htdocs...')
#2 C:\xampp\htdocs\belajar\vendor\codeigniter4\framework\system\Common.php(1119): CodeIgniter\View\View->render('user/penjualan', Array, true)
#3 C:\xampp\htdocs\belajar\app\Controllers\User.php(47): view('user/penjualan', Array)
#4 C:\xampp\htdocs\belajar\vendor\codeigniter4\framework\system\CodeIgniter.php(918): App\Controllers\User->penjualan()
#5 C:\xampp\htdocs\belajar\vendor\codeigniter4\framework\system\CodeIgniter.php(404): CodeIgniter\CodeIgniter->runController(Object(App\Controllers\User))
#6 C:\xampp\htdocs\belajar\vendor\codeigniter4\framework\system\CodeIgniter.php(312): CodeIgniter\CodeIgniter->handleRequest(NULL, Object(Config\Cache), false)
#7 C:\xampp\htdocs\belajar\public\index.php(45): CodeIgniter\CodeIgniter->run()
#8 C:\xampp\htdocs\belajar\vendor\codeigniter4\framework\system\Commands\Server\rewrite.php(34): require_once('C:\\xampp\\htdocs...')
#9 {main}
CRITICAL - 2020-12-21 08:03:44 --> Undefined variable: rekap
#0 C:\xampp\htdocs\belajar\app\Views\user\penjualan.php(156): CodeIgniter\Debug\Exceptions->errorHandler(8, 'Undefined varia...', 'C:\\xampp\\htdocs...', 156, Array)
#1 C:\xampp\htdocs\belajar\vendor\codeigniter4\framework\system\View\View.php(246): include('C:\\xampp\\htdocs...')
#2 C:\xampp\htdocs\belajar\vendor\codeigniter4\framework\system\Common.php(1119): CodeIgniter\View\View->render('user/penjualan', Array, true)
#3 C:\xampp\htdocs\belajar\app\Controllers\User.php(47): view('user/penjualan', Array)
#4 C:\xampp\htdocs\belajar\vendor\codeigniter4\framework\system\CodeIgniter.php(918): App\Controllers\User->penjualan()
#5 C:\xampp\htdocs\belajar\vendor\codeigniter4\framework\system\CodeIgniter.php(404): CodeIgniter\CodeIgniter->runController(Object(App\Controllers\User))
#6 C:\xampp\htdocs\belajar\vendor\codeigniter4\framework\system\CodeIgniter.php(312): CodeIgniter\CodeIgniter->handleRequest(NULL, Object(Config\Cache), false)
#7 C:\xampp\htdocs\belajar\public\index.php(45): CodeIgniter\CodeIgniter->run()
#8 C:\xampp\htdocs\belajar\vendor\codeigniter4\framework\system\Commands\Server\rewrite.php(34): require_once('C:\\xampp\\htdocs...')
#9 {main}
CRITICAL - 2020-12-21 08:03:54 --> Undefined variable: rekap
#0 C:\xampp\htdocs\belajar\app\Views\user\penjualan.php(156): CodeIgniter\Debug\Exceptions->errorHandler(8, 'Undefined varia...', 'C:\\xampp\\htdocs...', 156, Array)
#1 C:\xampp\htdocs\belajar\vendor\codeigniter4\framework\system\View\View.php(246): include('C:\\xampp\\htdocs...')
#2 C:\xampp\htdocs\belajar\vendor\codeigniter4\framework\system\Common.php(1119): CodeIgniter\View\View->render('user/penjualan', Array, true)
#3 C:\xampp\htdocs\belajar\app\Controllers\User.php(47): view('user/penjualan', Array)
#4 C:\xampp\htdocs\belajar\vendor\codeigniter4\framework\system\CodeIgniter.php(918): App\Controllers\User->penjualan()
#5 C:\xampp\htdocs\belajar\vendor\codeigniter4\framework\system\CodeIgniter.php(404): CodeIgniter\CodeIgniter->runController(Object(App\Controllers\User))
#6 C:\xampp\htdocs\belajar\vendor\codeigniter4\framework\system\CodeIgniter.php(312): CodeIgniter\CodeIgniter->handleRequest(NULL, Object(Config\Cache), false)
#7 C:\xampp\htdocs\belajar\public\index.php(45): CodeIgniter\CodeIgniter->run()
#8 C:\xampp\htdocs\belajar\vendor\codeigniter4\framework\system\Commands\Server\rewrite.php(34): require_once('C:\\xampp\\htdocs...')
#9 {main}
CRITICAL - 2020-12-21 08:06:50 --> Undefined variable: field
#0 C:\xampp\htdocs\belajar\app\Views\user\penjualan.php(156): CodeIgniter\Debug\Exceptions->errorHandler(8, 'Undefined varia...', 'C:\\xampp\\htdocs...', 156, Array)
#1 C:\xampp\htdocs\belajar\vendor\codeigniter4\framework\system\View\View.php(246): include('C:\\xampp\\htdocs...')
#2 C:\xampp\htdocs\belajar\vendor\codeigniter4\framework\system\Common.php(1119): CodeIgniter\View\View->render('user/penjualan', Array, true)
#3 C:\xampp\htdocs\belajar\app\Controllers\User.php(47): view('user/penjualan', Array)
#4 C:\xampp\htdocs\belajar\vendor\codeigniter4\framework\system\CodeIgniter.php(918): App\Controllers\User->penjualan()
#5 C:\xampp\htdocs\belajar\vendor\codeigniter4\framework\system\CodeIgniter.php(404): CodeIgniter\CodeIgniter->runController(Object(App\Controllers\User))
#6 C:\xampp\htdocs\belajar\vendor\codeigniter4\framework\system\CodeIgniter.php(312): CodeIgniter\CodeIgniter->handleRequest(NULL, Object(Config\Cache), false)
#7 C:\xampp\htdocs\belajar\public\index.php(45): CodeIgniter\CodeIgniter->run()
#8 C:\xampp\htdocs\belajar\vendor\codeigniter4\framework\system\Commands\Server\rewrite.php(34): require_once('C:\\xampp\\htdocs...')
#9 {main}
CRITICAL - 2020-12-21 10:10:34 --> Undefined variable: stok
#0 C:\xampp\htdocs\belajar\app\Views\user\stok.php(156): CodeIgniter\Debug\Exceptions->errorHandler(8, 'Undefined varia...', 'C:\\xampp\\htdocs...', 156, Array)
#1 C:\xampp\htdocs\belajar\vendor\codeigniter4\framework\system\View\View.php(246): include('C:\\xampp\\htdocs...')
#2 C:\xampp\htdocs\belajar\vendor\codeigniter4\framework\system\Common.php(1119): CodeIgniter\View\View->render('user/stok', Array, true)
#3 C:\xampp\htdocs\belajar\app\Controllers\User.php(63): view('user/stok', Array)
#4 C:\xampp\htdocs\belajar\vendor\codeigniter4\framework\system\CodeIgniter.php(918): App\Controllers\User->stok()
#5 C:\xampp\htdocs\belajar\vendor\codeigniter4\framework\system\CodeIgniter.php(404): CodeIgniter\CodeIgniter->runController(Object(App\Controllers\User))
#6 C:\xampp\htdocs\belajar\vendor\codeigniter4\framework\system\CodeIgniter.php(312): CodeIgniter\CodeIgniter->handleRequest(NULL, Object(Config\Cache), false)
#7 C:\xampp\htdocs\belajar\public\index.php(45): CodeIgniter\CodeIgniter->run()
#8 C:\xampp\htdocs\belajar\vendor\codeigniter4\framework\system\Commands\Server\rewrite.php(34): require_once('C:\\xampp\\htdocs...')
#9 {main}
CRITICAL - 2020-12-21 10:10:36 --> Undefined variable: stok
#0 C:\xampp\htdocs\belajar\app\Views\user\stok.php(156): CodeIgniter\Debug\Exceptions->errorHandler(8, 'Undefined varia...', 'C:\\xampp\\htdocs...', 156, Array)
#1 C:\xampp\htdocs\belajar\vendor\codeigniter4\framework\system\View\View.php(246): include('C:\\xampp\\htdocs...')
#2 C:\xampp\htdocs\belajar\vendor\codeigniter4\framework\system\Common.php(1119): CodeIgniter\View\View->render('user/stok', Array, true)
#3 C:\xampp\htdocs\belajar\app\Controllers\User.php(63): view('user/stok', Array)
#4 C:\xampp\htdocs\belajar\vendor\codeigniter4\framework\system\CodeIgniter.php(918): App\Controllers\User->stok()
#5 C:\xampp\htdocs\belajar\vendor\codeigniter4\framework\system\CodeIgniter.php(404): CodeIgniter\CodeIgniter->runController(Object(App\Controllers\User))
#6 C:\xampp\htdocs\belajar\vendor\codeigniter4\framework\system\CodeIgniter.php(312): CodeIgniter\CodeIgniter->handleRequest(NULL, Object(Config\Cache), false)
#7 C:\xampp\htdocs\belajar\public\index.php(45): CodeIgniter\CodeIgniter->run()
#8 C:\xampp\htdocs\belajar\vendor\codeigniter4\framework\system\Commands\Server\rewrite.php(34): require_once('C:\\xampp\\htdocs...')
#9 {main}
CRITICAL - 2020-12-21 10:16:22 --> Undefined variable: stok
#0 C:\xampp\htdocs\belajar\app\Views\user\stok.php(156): CodeIgniter\Debug\Exceptions->errorHandler(8, 'Undefined varia...', 'C:\\xampp\\htdocs...', 156, Array)
#1 C:\xampp\htdocs\belajar\vendor\codeigniter4\framework\system\View\View.php(246): include('C:\\xampp\\htdocs...')
#2 C:\xampp\htdocs\belajar\vendor\codeigniter4\framework\system\Common.php(1119): CodeIgniter\View\View->render('user/stok', Array, true)
#3 C:\xampp\htdocs\belajar\app\Controllers\User.php(63): view('user/stok', Array)
#4 C:\xampp\htdocs\belajar\vendor\codeigniter4\framework\system\CodeIgniter.php(918): App\Controllers\User->stok()
#5 C:\xampp\htdocs\belajar\vendor\codeigniter4\framework\system\CodeIgniter.php(404): CodeIgniter\CodeIgniter->runController(Object(App\Controllers\User))
#6 C:\xampp\htdocs\belajar\vendor\codeigniter4\framework\system\CodeIgniter.php(312): CodeIgniter\CodeIgniter->handleRequest(NULL, Object(Config\Cache), false)
#7 C:\xampp\htdocs\belajar\public\index.php(45): CodeIgniter\CodeIgniter->run()
#8 C:\xampp\htdocs\belajar\vendor\codeigniter4\framework\system\Commands\Server\rewrite.php(34): require_once('C:\\xampp\\htdocs...')
#9 {main}
CRITICAL - 2020-12-21 10:16:38 --> Undefined variable: stok
#0 C:\xampp\htdocs\belajar\app\Views\user\stok.php(156): CodeIgniter\Debug\Exceptions->errorHandler(8, 'Undefined varia...', 'C:\\xampp\\htdocs...', 156, Array)
#1 C:\xampp\htdocs\belajar\vendor\codeigniter4\framework\system\View\View.php(246): include('C:\\xampp\\htdocs...')
#2 C:\xampp\htdocs\belajar\vendor\codeigniter4\framework\system\Common.php(1119): CodeIgniter\View\View->render('user/stok', Array, true)
#3 C:\xampp\htdocs\belajar\app\Controllers\User.php(63): view('user/stok', Array)
#4 C:\xampp\htdocs\belajar\vendor\codeigniter4\framework\system\CodeIgniter.php(918): App\Controllers\User->stok()
#5 C:\xampp\htdocs\belajar\vendor\codeigniter4\framework\system\CodeIgniter.php(404): CodeIgniter\CodeIgniter->runController(Object(App\Controllers\User))
#6 C:\xampp\htdocs\belajar\vendor\codeigniter4\framework\system\CodeIgniter.php(312): CodeIgniter\CodeIgniter->handleRequest(NULL, Object(Config\Cache), false)
#7 C:\xampp\htdocs\belajar\public\index.php(45): CodeIgniter\CodeIgniter->run()
#8 C:\xampp\htdocs\belajar\vendor\codeigniter4\framework\system\Commands\Server\rewrite.php(34): require_once('C:\\xampp\\htdocs...')
#9 {main}
