CRITICAL - 2021-01-06 01:07:07 --> Call to undefined method App\Models\JbarangModel::outer
#0 C:\Users\hp\Desktop\belajar\app\Controllers\User.php(137): CodeIgniter\Model->__call('outer', Array)
#1 C:\Users\hp\Desktop\belajar\vendor\codeigniter4\framework\system\CodeIgniter.php(918): App\Controllers\User->outer()
#2 C:\Users\hp\Desktop\belajar\vendor\codeigniter4\framework\system\CodeIgniter.php(404): CodeIgniter\CodeIgniter->runController(Object(App\Controllers\User))
#3 C:\Users\hp\Desktop\belajar\vendor\codeigniter4\framework\system\CodeIgniter.php(312): CodeIgniter\CodeIgniter->handleRequest(NULL, Object(Config\Cache), false)
#4 C:\Users\hp\Desktop\belajar\public\index.php(45): CodeIgniter\CodeIgniter->run()
#5 C:\Users\hp\Desktop\belajar\vendor\codeigniter4\framework\system\Commands\Server\rewrite.php(34): require_once('C:\\Users\\hp\\Des...')
#6 {main}
CRITICAL - 2021-01-06 01:11:53 --> Call to undefined method App\Models\JbarangModel::outer
#0 C:\Users\hp\Desktop\belajar\app\Controllers\User.php(137): CodeIgniter\Model->__call('outer', Array)
#1 C:\Users\hp\Desktop\belajar\vendor\codeigniter4\framework\system\CodeIgniter.php(918): App\Controllers\User->outer()
#2 C:\Users\hp\Desktop\belajar\vendor\codeigniter4\framework\system\CodeIgniter.php(404): CodeIgniter\CodeIgniter->runController(Object(App\Controllers\User))
#3 C:\Users\hp\Desktop\belajar\vendor\codeigniter4\framework\system\CodeIgniter.php(312): CodeIgniter\CodeIgniter->handleRequest(NULL, Object(Config\Cache), false)
#4 C:\Users\hp\Desktop\belajar\public\index.php(45): CodeIgniter\CodeIgniter->run()
#5 C:\Users\hp\Desktop\belajar\vendor\codeigniter4\framework\system\Commands\Server\rewrite.php(34): require_once('C:\\Users\\hp\\Des...')
#6 {main}
CRITICAL - 2021-01-06 01:12:21 --> Call to undefined method App\Models\JbarangModel::outer
#0 C:\Users\hp\Desktop\belajar\app\Controllers\User.php(137): CodeIgniter\Model->__call('outer', Array)
#1 C:\Users\hp\Desktop\belajar\vendor\codeigniter4\framework\system\CodeIgniter.php(918): App\Controllers\User->outer()
#2 C:\Users\hp\Desktop\belajar\vendor\codeigniter4\framework\system\CodeIgniter.php(404): CodeIgniter\CodeIgniter->runController(Object(App\Controllers\User))
#3 C:\Users\hp\Desktop\belajar\vendor\codeigniter4\framework\system\CodeIgniter.php(312): CodeIgniter\CodeIgniter->handleRequest(NULL, Object(Config\Cache), false)
#4 C:\Users\hp\Desktop\belajar\public\index.php(45): CodeIgniter\CodeIgniter->run()
#5 C:\Users\hp\Desktop\belajar\vendor\codeigniter4\framework\system\Commands\Server\rewrite.php(34): require_once('C:\\Users\\hp\\Des...')
#6 {main}
CRITICAL - 2021-01-06 01:13:38 --> Call to undefined method App\Models\JbarangModel::outer
#0 C:\Users\hp\Desktop\belajar\app\Controllers\User.php(137): CodeIgniter\Model->__call('outer', Array)
#1 C:\Users\hp\Desktop\belajar\vendor\codeigniter4\framework\system\CodeIgniter.php(918): App\Controllers\User->outer()
#2 C:\Users\hp\Desktop\belajar\vendor\codeigniter4\framework\system\CodeIgniter.php(404): CodeIgniter\CodeIgniter->runController(Object(App\Controllers\User))
#3 C:\Users\hp\Desktop\belajar\vendor\codeigniter4\framework\system\CodeIgniter.php(312): CodeIgniter\CodeIgniter->handleRequest(NULL, Object(Config\Cache), false)
#4 C:\Users\hp\Desktop\belajar\public\index.php(45): CodeIgniter\CodeIgniter->run()
#5 C:\Users\hp\Desktop\belajar\vendor\codeigniter4\framework\system\Commands\Server\rewrite.php(34): require_once('C:\\Users\\hp\\Des...')
#6 {main}
CRITICAL - 2021-01-06 01:14:58 --> Call to undefined method App\Models\JbarangModel::outer
#0 C:\Users\hp\Desktop\belajar\app\Controllers\User.php(137): CodeIgniter\Model->__call('outer', Array)
#1 C:\Users\hp\Desktop\belajar\vendor\codeigniter4\framework\system\CodeIgniter.php(918): App\Controllers\User->outer()
#2 C:\Users\hp\Desktop\belajar\vendor\codeigniter4\framework\system\CodeIgniter.php(404): CodeIgniter\CodeIgniter->runController(Object(App\Controllers\User))
#3 C:\Users\hp\Desktop\belajar\vendor\codeigniter4\framework\system\CodeIgniter.php(312): CodeIgniter\CodeIgniter->handleRequest(NULL, Object(Config\Cache), false)
#4 C:\Users\hp\Desktop\belajar\public\index.php(45): CodeIgniter\CodeIgniter->run()
#5 C:\Users\hp\Desktop\belajar\vendor\codeigniter4\framework\system\Commands\Server\rewrite.php(34): require_once('C:\\Users\\hp\\Des...')
#6 {main}
CRITICAL - 2021-01-06 01:19:48 --> Call to undefined method App\Models\JbarangModel::outer
#0 C:\Users\hp\Desktop\belajar\app\Controllers\User.php(137): CodeIgniter\Model->__call('outer', Array)
#1 C:\Users\hp\Desktop\belajar\vendor\codeigniter4\framework\system\CodeIgniter.php(918): App\Controllers\User->outer()
#2 C:\Users\hp\Desktop\belajar\vendor\codeigniter4\framework\system\CodeIgniter.php(404): CodeIgniter\CodeIgniter->runController(Object(App\Controllers\User))
#3 C:\Users\hp\Desktop\belajar\vendor\codeigniter4\framework\system\CodeIgniter.php(312): CodeIgniter\CodeIgniter->handleRequest(NULL, Object(Config\Cache), false)
#4 C:\Users\hp\Desktop\belajar\public\index.php(45): CodeIgniter\CodeIgniter->run()
#5 C:\Users\hp\Desktop\belajar\vendor\codeigniter4\framework\system\Commands\Server\rewrite.php(34): require_once('C:\\Users\\hp\\Des...')
#6 {main}
CRITICAL - 2021-01-06 01:39:38 --> Call to undefined method App\Models\JbarangModel::outer
#0 C:\Users\hp\Desktop\belajar\app\Controllers\User.php(138): CodeIgniter\Model->__call('outer', Array)
#1 C:\Users\hp\Desktop\belajar\vendor\codeigniter4\framework\system\CodeIgniter.php(918): App\Controllers\User->outer()
#2 C:\Users\hp\Desktop\belajar\vendor\codeigniter4\framework\system\CodeIgniter.php(404): CodeIgniter\CodeIgniter->runController(Object(App\Controllers\User))
#3 C:\Users\hp\Desktop\belajar\vendor\codeigniter4\framework\system\CodeIgniter.php(312): CodeIgniter\CodeIgniter->handleRequest(NULL, Object(Config\Cache), false)
#4 C:\Users\hp\Desktop\belajar\public\index.php(45): CodeIgniter\CodeIgniter->run()
#5 C:\Users\hp\Desktop\belajar\vendor\codeigniter4\framework\system\Commands\Server\rewrite.php(34): require_once('C:\\Users\\hp\\Des...')
#6 {main}
CRITICAL - 2021-01-06 01:40:16 --> Call to undefined method App\Models\JbarangModel::outer
#0 C:\Users\hp\Desktop\belajar\app\Controllers\User.php(138): CodeIgniter\Model->__call('outer', Array)
#1 C:\Users\hp\Desktop\belajar\vendor\codeigniter4\framework\system\CodeIgniter.php(918): App\Controllers\User->outer()
#2 C:\Users\hp\Desktop\belajar\vendor\codeigniter4\framework\system\CodeIgniter.php(404): CodeIgniter\CodeIgniter->runController(Object(App\Controllers\User))
#3 C:\Users\hp\Desktop\belajar\vendor\codeigniter4\framework\system\CodeIgniter.php(312): CodeIgniter\CodeIgniter->handleRequest(NULL, Object(Config\Cache), false)
#4 C:\Users\hp\Desktop\belajar\public\index.php(45): CodeIgniter\CodeIgniter->run()
#5 C:\Users\hp\Desktop\belajar\vendor\codeigniter4\framework\system\Commands\Server\rewrite.php(34): require_once('C:\\Users\\hp\\Des...')
#6 {main}
CRITICAL - 2021-01-06 03:34:03 --> syntax error, unexpected 'return' (T_RETURN)
#0 C:\Users\hp\Desktop\belajar\vendor\codeigniter4\framework\system\Autoloader\Autoloader.php(296): CodeIgniter\Autoloader\Autoloader->requireFile('C:\\Users\\hp\\Des...')
#1 C:\Users\hp\Desktop\belajar\vendor\codeigniter4\framework\system\Autoloader\Autoloader.php(258): CodeIgniter\Autoloader\Autoloader->loadInNamespace('App\\Controllers...')
#2 [internal function]: CodeIgniter\Autoloader\Autoloader->loadClass('App\\Controllers...')
#3 [internal function]: spl_autoload_call('App\\Controllers...')
#4 C:\Users\hp\Desktop\belajar\vendor\codeigniter4\framework\system\CodeIgniter.php(869): class_exists('\\App\\Controller...', true)
#5 C:\Users\hp\Desktop\belajar\vendor\codeigniter4\framework\system\CodeIgniter.php(394): CodeIgniter\CodeIgniter->startController()
#6 C:\Users\hp\Desktop\belajar\vendor\codeigniter4\framework\system\CodeIgniter.php(312): CodeIgniter\CodeIgniter->handleRequest(NULL, Object(Config\Cache), false)
#7 C:\Users\hp\Desktop\belajar\public\index.php(45): CodeIgniter\CodeIgniter->run()
#8 C:\Users\hp\Desktop\belajar\vendor\codeigniter4\framework\system\Commands\Server\rewrite.php(34): require_once('C:\\Users\\hp\\Des...')
#9 {main}
CRITICAL - 2021-01-06 03:34:20 --> syntax error, unexpected 'return' (T_RETURN)
#0 C:\Users\hp\Desktop\belajar\vendor\codeigniter4\framework\system\Autoloader\Autoloader.php(296): CodeIgniter\Autoloader\Autoloader->requireFile('C:\\Users\\hp\\Des...')
#1 C:\Users\hp\Desktop\belajar\vendor\codeigniter4\framework\system\Autoloader\Autoloader.php(258): CodeIgniter\Autoloader\Autoloader->loadInNamespace('App\\Controllers...')
#2 [internal function]: CodeIgniter\Autoloader\Autoloader->loadClass('App\\Controllers...')
#3 [internal function]: spl_autoload_call('App\\Controllers...')
#4 C:\Users\hp\Desktop\belajar\vendor\codeigniter4\framework\system\CodeIgniter.php(869): class_exists('\\App\\Controller...', true)
#5 C:\Users\hp\Desktop\belajar\vendor\codeigniter4\framework\system\CodeIgniter.php(394): CodeIgniter\CodeIgniter->startController()
#6 C:\Users\hp\Desktop\belajar\vendor\codeigniter4\framework\system\CodeIgniter.php(312): CodeIgniter\CodeIgniter->handleRequest(NULL, Object(Config\Cache), false)
#7 C:\Users\hp\Desktop\belajar\public\index.php(45): CodeIgniter\CodeIgniter->run()
#8 C:\Users\hp\Desktop\belajar\vendor\codeigniter4\framework\system\Commands\Server\rewrite.php(34): require_once('C:\\Users\\hp\\Des...')
#9 {main}
CRITICAL - 2021-01-06 03:34:37 --> syntax error, unexpected 'return' (T_RETURN)
#0 C:\Users\hp\Desktop\belajar\vendor\codeigniter4\framework\system\Autoloader\Autoloader.php(296): CodeIgniter\Autoloader\Autoloader->requireFile('C:\\Users\\hp\\Des...')
#1 C:\Users\hp\Desktop\belajar\vendor\codeigniter4\framework\system\Autoloader\Autoloader.php(258): CodeIgniter\Autoloader\Autoloader->loadInNamespace('App\\Controllers...')
#2 [internal function]: CodeIgniter\Autoloader\Autoloader->loadClass('App\\Controllers...')
#3 [internal function]: spl_autoload_call('App\\Controllers...')
#4 C:\Users\hp\Desktop\belajar\vendor\codeigniter4\framework\system\CodeIgniter.php(869): class_exists('\\App\\Controller...', true)
#5 C:\Users\hp\Desktop\belajar\vendor\codeigniter4\framework\system\CodeIgniter.php(394): CodeIgniter\CodeIgniter->startController()
#6 C:\Users\hp\Desktop\belajar\vendor\codeigniter4\framework\system\CodeIgniter.php(312): CodeIgniter\CodeIgniter->handleRequest(NULL, Object(Config\Cache), false)
#7 C:\Users\hp\Desktop\belajar\public\index.php(45): CodeIgniter\CodeIgniter->run()
#8 C:\Users\hp\Desktop\belajar\vendor\codeigniter4\framework\system\Commands\Server\rewrite.php(34): require_once('C:\\Users\\hp\\Des...')
#9 {main}
CRITICAL - 2021-01-06 03:35:18 --> syntax error, unexpected 'return' (T_RETURN)
#0 C:\Users\hp\Desktop\belajar\vendor\codeigniter4\framework\system\Autoloader\Autoloader.php(296): CodeIgniter\Autoloader\Autoloader->requireFile('C:\\Users\\hp\\Des...')
#1 C:\Users\hp\Desktop\belajar\vendor\codeigniter4\framework\system\Autoloader\Autoloader.php(258): CodeIgniter\Autoloader\Autoloader->loadInNamespace('App\\Controllers...')
#2 [internal function]: CodeIgniter\Autoloader\Autoloader->loadClass('App\\Controllers...')
#3 [internal function]: spl_autoload_call('App\\Controllers...')
#4 C:\Users\hp\Desktop\belajar\vendor\codeigniter4\framework\system\CodeIgniter.php(869): class_exists('\\App\\Controller...', true)
#5 C:\Users\hp\Desktop\belajar\vendor\codeigniter4\framework\system\CodeIgniter.php(394): CodeIgniter\CodeIgniter->startController()
#6 C:\Users\hp\Desktop\belajar\vendor\codeigniter4\framework\system\CodeIgniter.php(312): CodeIgniter\CodeIgniter->handleRequest(NULL, Object(Config\Cache), false)
#7 C:\Users\hp\Desktop\belajar\public\index.php(45): CodeIgniter\CodeIgniter->run()
#8 C:\Users\hp\Desktop\belajar\vendor\codeigniter4\framework\system\Commands\Server\rewrite.php(34): require_once('C:\\Users\\hp\\Des...')
#9 {main}
CRITICAL - 2021-01-06 03:37:12 --> syntax error, unexpected '}'
#0 C:\Users\hp\Desktop\belajar\vendor\codeigniter4\framework\system\Autoloader\Autoloader.php(296): CodeIgniter\Autoloader\Autoloader->requireFile('C:\\Users\\hp\\Des...')
#1 C:\Users\hp\Desktop\belajar\vendor\codeigniter4\framework\system\Autoloader\Autoloader.php(258): CodeIgniter\Autoloader\Autoloader->loadInNamespace('App\\Controllers...')
#2 [internal function]: CodeIgniter\Autoloader\Autoloader->loadClass('App\\Controllers...')
#3 [internal function]: spl_autoload_call('App\\Controllers...')
#4 C:\Users\hp\Desktop\belajar\vendor\codeigniter4\framework\system\CodeIgniter.php(869): class_exists('\\App\\Controller...', true)
#5 C:\Users\hp\Desktop\belajar\vendor\codeigniter4\framework\system\CodeIgniter.php(394): CodeIgniter\CodeIgniter->startController()
#6 C:\Users\hp\Desktop\belajar\vendor\codeigniter4\framework\system\CodeIgniter.php(312): CodeIgniter\CodeIgniter->handleRequest(NULL, Object(Config\Cache), false)
#7 C:\Users\hp\Desktop\belajar\public\index.php(45): CodeIgniter\CodeIgniter->run()
#8 C:\Users\hp\Desktop\belajar\vendor\codeigniter4\framework\system\Commands\Server\rewrite.php(34): require_once('C:\\Users\\hp\\Des...')
#9 {main}
CRITICAL - 2021-01-06 03:39:34 --> syntax error, unexpected 'return' (T_RETURN)
#0 C:\Users\hp\Desktop\belajar\vendor\codeigniter4\framework\system\Router\Router.php(195): CodeIgniter\Router\Router->autoRoute('user/output')
#1 C:\Users\hp\Desktop\belajar\vendor\codeigniter4\framework\system\CodeIgniter.php(793): CodeIgniter\Router\Router->handle('user/output')
#2 C:\Users\hp\Desktop\belajar\vendor\codeigniter4\framework\system\CodeIgniter.php(364): CodeIgniter\CodeIgniter->tryToRouteIt(Object(CodeIgniter\Router\RouteCollection))
#3 C:\Users\hp\Desktop\belajar\vendor\codeigniter4\framework\system\CodeIgniter.php(312): CodeIgniter\CodeIgniter->handleRequest(NULL, Object(Config\Cache), false)
#4 C:\Users\hp\Desktop\belajar\public\index.php(45): CodeIgniter\CodeIgniter->run()
#5 C:\Users\hp\Desktop\belajar\vendor\codeigniter4\framework\system\Commands\Server\rewrite.php(34): require_once('C:\\Users\\hp\\Des...')
#6 {main}
CRITICAL - 2021-01-06 03:39:49 --> syntax error, unexpected 'return' (T_RETURN)
#0 C:\Users\hp\Desktop\belajar\vendor\codeigniter4\framework\system\Router\Router.php(195): CodeIgniter\Router\Router->autoRoute('user/output')
#1 C:\Users\hp\Desktop\belajar\vendor\codeigniter4\framework\system\CodeIgniter.php(793): CodeIgniter\Router\Router->handle('user/output')
#2 C:\Users\hp\Desktop\belajar\vendor\codeigniter4\framework\system\CodeIgniter.php(364): CodeIgniter\CodeIgniter->tryToRouteIt(Object(CodeIgniter\Router\RouteCollection))
#3 C:\Users\hp\Desktop\belajar\vendor\codeigniter4\framework\system\CodeIgniter.php(312): CodeIgniter\CodeIgniter->handleRequest(NULL, Object(Config\Cache), false)
#4 C:\Users\hp\Desktop\belajar\public\index.php(45): CodeIgniter\CodeIgniter->run()
#5 C:\Users\hp\Desktop\belajar\vendor\codeigniter4\framework\system\Commands\Server\rewrite.php(34): require_once('C:\\Users\\hp\\Des...')
#6 {main}
CRITICAL - 2021-01-06 03:42:37 --> Undefined variable: nama
#0 C:\Users\hp\Desktop\belajar\app\Controllers\User.php(143): CodeIgniter\Debug\Exceptions->errorHandler(8, 'Undefined varia...', 'C:\\Users\\hp\\Des...', 143, Array)
#1 C:\Users\hp\Desktop\belajar\vendor\codeigniter4\framework\system\CodeIgniter.php(918): App\Controllers\User->outer()
#2 C:\Users\hp\Desktop\belajar\vendor\codeigniter4\framework\system\CodeIgniter.php(404): CodeIgniter\CodeIgniter->runController(Object(App\Controllers\User))
#3 C:\Users\hp\Desktop\belajar\vendor\codeigniter4\framework\system\CodeIgniter.php(312): CodeIgniter\CodeIgniter->handleRequest(NULL, Object(Config\Cache), false)
#4 C:\Users\hp\Desktop\belajar\public\index.php(45): CodeIgniter\CodeIgniter->run()
#5 C:\Users\hp\Desktop\belajar\vendor\codeigniter4\framework\system\Commands\Server\rewrite.php(34): require_once('C:\\Users\\hp\\Des...')
#6 {main}
CRITICAL - 2021-01-06 03:45:08 --> Undefined variable: nama
#0 C:\Users\hp\Desktop\belajar\app\Views\user\output.php(154): CodeIgniter\Debug\Exceptions->errorHandler(8, 'Undefined varia...', 'C:\\Users\\hp\\Des...', 154, Array)
#1 C:\Users\hp\Desktop\belajar\vendor\codeigniter4\framework\system\View\View.php(246): include('C:\\Users\\hp\\Des...')
#2 C:\Users\hp\Desktop\belajar\vendor\codeigniter4\framework\system\Common.php(1119): CodeIgniter\View\View->render('user/output', Array, true)
#3 C:\Users\hp\Desktop\belajar\app\Controllers\User.php(109): view('user/output', Array)
#4 C:\Users\hp\Desktop\belajar\vendor\codeigniter4\framework\system\CodeIgniter.php(918): App\Controllers\User->output()
#5 C:\Users\hp\Desktop\belajar\vendor\codeigniter4\framework\system\CodeIgniter.php(404): CodeIgniter\CodeIgniter->runController(Object(App\Controllers\User))
#6 C:\Users\hp\Desktop\belajar\vendor\codeigniter4\framework\system\CodeIgniter.php(312): CodeIgniter\CodeIgniter->handleRequest(NULL, Object(Config\Cache), false)
#7 C:\Users\hp\Desktop\belajar\public\index.php(45): CodeIgniter\CodeIgniter->run()
#8 C:\Users\hp\Desktop\belajar\vendor\codeigniter4\framework\system\Commands\Server\rewrite.php(34): require_once('C:\\Users\\hp\\Des...')
#9 {main}
CRITICAL - 2021-01-06 03:45:10 --> Undefined variable: nama
#0 C:\Users\hp\Desktop\belajar\app\Views\user\output.php(154): CodeIgniter\Debug\Exceptions->errorHandler(8, 'Undefined varia...', 'C:\\Users\\hp\\Des...', 154, Array)
#1 C:\Users\hp\Desktop\belajar\vendor\codeigniter4\framework\system\View\View.php(246): include('C:\\Users\\hp\\Des...')
#2 C:\Users\hp\Desktop\belajar\vendor\codeigniter4\framework\system\Common.php(1119): CodeIgniter\View\View->render('user/output', Array, true)
#3 C:\Users\hp\Desktop\belajar\app\Controllers\User.php(109): view('user/output', Array)
#4 C:\Users\hp\Desktop\belajar\vendor\codeigniter4\framework\system\CodeIgniter.php(918): App\Controllers\User->output()
#5 C:\Users\hp\Desktop\belajar\vendor\codeigniter4\framework\system\CodeIgniter.php(404): CodeIgniter\CodeIgniter->runController(Object(App\Controllers\User))
#6 C:\Users\hp\Desktop\belajar\vendor\codeigniter4\framework\system\CodeIgniter.php(312): CodeIgniter\CodeIgniter->handleRequest(NULL, Object(Config\Cache), false)
#7 C:\Users\hp\Desktop\belajar\public\index.php(45): CodeIgniter\CodeIgniter->run()
#8 C:\Users\hp\Desktop\belajar\vendor\codeigniter4\framework\system\Commands\Server\rewrite.php(34): require_once('C:\\Users\\hp\\Des...')
#9 {main}
CRITICAL - 2021-01-06 03:45:23 --> Undefined variable: nama
#0 C:\Users\hp\Desktop\belajar\app\Views\user\output.php(154): CodeIgniter\Debug\Exceptions->errorHandler(8, 'Undefined varia...', 'C:\\Users\\hp\\Des...', 154, Array)
#1 C:\Users\hp\Desktop\belajar\vendor\codeigniter4\framework\system\View\View.php(246): include('C:\\Users\\hp\\Des...')
#2 C:\Users\hp\Desktop\belajar\vendor\codeigniter4\framework\system\Common.php(1119): CodeIgniter\View\View->render('user/output', Array, true)
#3 C:\Users\hp\Desktop\belajar\app\Controllers\User.php(109): view('user/output', Array)
#4 C:\Users\hp\Desktop\belajar\vendor\codeigniter4\framework\system\CodeIgniter.php(918): App\Controllers\User->output()
#5 C:\Users\hp\Desktop\belajar\vendor\codeigniter4\framework\system\CodeIgniter.php(404): CodeIgniter\CodeIgniter->runController(Object(App\Controllers\User))
#6 C:\Users\hp\Desktop\belajar\vendor\codeigniter4\framework\system\CodeIgniter.php(312): CodeIgniter\CodeIgniter->handleRequest(NULL, Object(Config\Cache), false)
#7 C:\Users\hp\Desktop\belajar\public\index.php(45): CodeIgniter\CodeIgniter->run()
#8 C:\Users\hp\Desktop\belajar\vendor\codeigniter4\framework\system\Commands\Server\rewrite.php(34): require_once('C:\\Users\\hp\\Des...')
#9 {main}
CRITICAL - 2021-01-06 03:45:42 --> Undefined variable: nama
#0 C:\Users\hp\Desktop\belajar\app\Views\user\output.php(154): CodeIgniter\Debug\Exceptions->errorHandler(8, 'Undefined varia...', 'C:\\Users\\hp\\Des...', 154, Array)
#1 C:\Users\hp\Desktop\belajar\vendor\codeigniter4\framework\system\View\View.php(246): include('C:\\Users\\hp\\Des...')
#2 C:\Users\hp\Desktop\belajar\vendor\codeigniter4\framework\system\Common.php(1119): CodeIgniter\View\View->render('user/output', Array, true)
#3 C:\Users\hp\Desktop\belajar\app\Controllers\User.php(109): view('user/output', Array)
#4 C:\Users\hp\Desktop\belajar\vendor\codeigniter4\framework\system\CodeIgniter.php(918): App\Controllers\User->output()
#5 C:\Users\hp\Desktop\belajar\vendor\codeigniter4\framework\system\CodeIgniter.php(404): CodeIgniter\CodeIgniter->runController(Object(App\Controllers\User))
#6 C:\Users\hp\Desktop\belajar\vendor\codeigniter4\framework\system\CodeIgniter.php(312): CodeIgniter\CodeIgniter->handleRequest(NULL, Object(Config\Cache), false)
#7 C:\Users\hp\Desktop\belajar\public\index.php(45): CodeIgniter\CodeIgniter->run()
#8 C:\Users\hp\Desktop\belajar\vendor\codeigniter4\framework\system\Commands\Server\rewrite.php(34): require_once('C:\\Users\\hp\\Des...')
#9 {main}
CRITICAL - 2021-01-06 03:45:44 --> Undefined variable: nama
#0 C:\Users\hp\Desktop\belajar\app\Views\user\output.php(154): CodeIgniter\Debug\Exceptions->errorHandler(8, 'Undefined varia...', 'C:\\Users\\hp\\Des...', 154, Array)
#1 C:\Users\hp\Desktop\belajar\vendor\codeigniter4\framework\system\View\View.php(246): include('C:\\Users\\hp\\Des...')
#2 C:\Users\hp\Desktop\belajar\vendor\codeigniter4\framework\system\Common.php(1119): CodeIgniter\View\View->render('user/output', Array, true)
#3 C:\Users\hp\Desktop\belajar\app\Controllers\User.php(109): view('user/output', Array)
#4 C:\Users\hp\Desktop\belajar\vendor\codeigniter4\framework\system\CodeIgniter.php(918): App\Controllers\User->output()
#5 C:\Users\hp\Desktop\belajar\vendor\codeigniter4\framework\system\CodeIgniter.php(404): CodeIgniter\CodeIgniter->runController(Object(App\Controllers\User))
#6 C:\Users\hp\Desktop\belajar\vendor\codeigniter4\framework\system\CodeIgniter.php(312): CodeIgniter\CodeIgniter->handleRequest(NULL, Object(Config\Cache), false)
#7 C:\Users\hp\Desktop\belajar\public\index.php(45): CodeIgniter\CodeIgniter->run()
#8 C:\Users\hp\Desktop\belajar\vendor\codeigniter4\framework\system\Commands\Server\rewrite.php(34): require_once('C:\\Users\\hp\\Des...')
#9 {main}
CRITICAL - 2021-01-06 03:45:48 --> Undefined variable: nama
#0 C:\Users\hp\Desktop\belajar\app\Views\user\output.php(154): CodeIgniter\Debug\Exceptions->errorHandler(8, 'Undefined varia...', 'C:\\Users\\hp\\Des...', 154, Array)
#1 C:\Users\hp\Desktop\belajar\vendor\codeigniter4\framework\system\View\View.php(246): include('C:\\Users\\hp\\Des...')
#2 C:\Users\hp\Desktop\belajar\vendor\codeigniter4\framework\system\Common.php(1119): CodeIgniter\View\View->render('user/output', Array, true)
#3 C:\Users\hp\Desktop\belajar\app\Controllers\User.php(109): view('user/output', Array)
#4 C:\Users\hp\Desktop\belajar\vendor\codeigniter4\framework\system\CodeIgniter.php(918): App\Controllers\User->output()
#5 C:\Users\hp\Desktop\belajar\vendor\codeigniter4\framework\system\CodeIgniter.php(404): CodeIgniter\CodeIgniter->runController(Object(App\Controllers\User))
#6 C:\Users\hp\Desktop\belajar\vendor\codeigniter4\framework\system\CodeIgniter.php(312): CodeIgniter\CodeIgniter->handleRequest(NULL, Object(Config\Cache), false)
#7 C:\Users\hp\Desktop\belajar\public\index.php(45): CodeIgniter\CodeIgniter->run()
#8 C:\Users\hp\Desktop\belajar\vendor\codeigniter4\framework\system\Commands\Server\rewrite.php(34): require_once('C:\\Users\\hp\\Des...')
#9 {main}
CRITICAL - 2021-01-06 04:26:37 --> You have an error in your SQL syntax; check the manual that corresponds to your MariaDB server version for the right syntax to use near '' at line 1
#0 C:\Users\hp\Desktop\belajar\vendor\codeigniter4\framework\system\Database\MySQLi\Connection.php(331): mysqli->query('INSERT INTO `jb...')
#1 C:\Users\hp\Desktop\belajar\vendor\codeigniter4\framework\system\Database\BaseConnection.php(741): CodeIgniter\Database\MySQLi\Connection->execute('INSERT INTO `jb...')
#2 C:\Users\hp\Desktop\belajar\vendor\codeigniter4\framework\system\Database\BaseConnection.php(669): CodeIgniter\Database\BaseConnection->simpleQuery('INSERT INTO `jb...')
#3 C:\Users\hp\Desktop\belajar\app\Controllers\User.php(143): CodeIgniter\Database\BaseConnection->query('INSERT INTO `jb...')
#4 C:\Users\hp\Desktop\belajar\vendor\codeigniter4\framework\system\CodeIgniter.php(918): App\Controllers\User->outer()
#5 C:\Users\hp\Desktop\belajar\vendor\codeigniter4\framework\system\CodeIgniter.php(404): CodeIgniter\CodeIgniter->runController(Object(App\Controllers\User))
#6 C:\Users\hp\Desktop\belajar\vendor\codeigniter4\framework\system\CodeIgniter.php(312): CodeIgniter\CodeIgniter->handleRequest(NULL, Object(Config\Cache), false)
#7 C:\Users\hp\Desktop\belajar\public\index.php(45): CodeIgniter\CodeIgniter->run()
#8 C:\Users\hp\Desktop\belajar\vendor\codeigniter4\framework\system\Commands\Server\rewrite.php(34): require_once('C:\\Users\\hp\\Des...')
#9 {main}
CRITICAL - 2021-01-06 04:27:30 --> You have an error in your SQL syntax; check the manual that corresponds to your MariaDB server version for the right syntax to use near '' at line 1
#0 C:\Users\hp\Desktop\belajar\vendor\codeigniter4\framework\system\Database\MySQLi\Connection.php(331): mysqli->query('INSERT INTO `jb...')
#1 C:\Users\hp\Desktop\belajar\vendor\codeigniter4\framework\system\Database\BaseConnection.php(741): CodeIgniter\Database\MySQLi\Connection->execute('INSERT INTO `jb...')
#2 C:\Users\hp\Desktop\belajar\vendor\codeigniter4\framework\system\Database\BaseConnection.php(669): CodeIgniter\Database\BaseConnection->simpleQuery('INSERT INTO `jb...')
#3 C:\Users\hp\Desktop\belajar\app\Controllers\User.php(143): CodeIgniter\Database\BaseConnection->query('INSERT INTO `jb...')
#4 C:\Users\hp\Desktop\belajar\vendor\codeigniter4\framework\system\CodeIgniter.php(918): App\Controllers\User->outer()
#5 C:\Users\hp\Desktop\belajar\vendor\codeigniter4\framework\system\CodeIgniter.php(404): CodeIgniter\CodeIgniter->runController(Object(App\Controllers\User))
#6 C:\Users\hp\Desktop\belajar\vendor\codeigniter4\framework\system\CodeIgniter.php(312): CodeIgniter\CodeIgniter->handleRequest(NULL, Object(Config\Cache), false)
#7 C:\Users\hp\Desktop\belajar\public\index.php(45): CodeIgniter\CodeIgniter->run()
#8 C:\Users\hp\Desktop\belajar\vendor\codeigniter4\framework\system\Commands\Server\rewrite.php(34): require_once('C:\\Users\\hp\\Des...')
#9 {main}
